* minikube v1.34.0 on Darwin 15.0.1
* Using the docker driver based on existing profile
* Starting "minikube" primary control-plane node in "minikube" cluster
* Pulling base image v0.0.45 ...
* Updating the running docker "minikube" container ...
* Preparing Kubernetes v1.31.0 on Docker 27.2.0 ...
* Verifying Kubernetes components...
  - Using image gcr.io/k8s-minikube/storage-provisioner:v5
* Enabled addons: default-storageclass, storage-provisioner
* Done! kubectl is now configured to use "minikube" cluster and "default" namespace by default
* minikube v1.34.0 on Darwin 15.0.1
* Using the docker driver based on existing profile
* Starting "minikube" primary control-plane node in "minikube" cluster
* Pulling base image v0.0.45 ...
* Restarting existing docker container for "minikube" ...
* Preparing Kubernetes v1.31.0 on Docker 27.2.0 ...
* Verifying Kubernetes components...
  - Using image gcr.io/k8s-minikube/storage-provisioner:v5
* Enabled addons: default-storageclass, storage-provisioner
* Done! kubectl is now configured to use "minikube" cluster and "default" namespace by default
Forwarding from 127.0.0.1:8443 -> 8443
Forwarding from [::1]:8443 -> 8443
http://localhost:20001/kiali
http://localhost:16686
http://localhost:20001/kiali
Handling connection for 8443
Handling connection for 8443
Handling connection for 8443
Handling connection for 8443
Handling connection for 8443
Handling connection for 8443
Handling connection for 8443
Handling connection for 8443
Handling connection for 8443
error: lost connection to pod
2024-10-23T19:22:55.809121Z	error	port forward failed: lost connection to pod
2024-10-23T19:22:55.816943Z	error	port forward failed: lost connection to pod
Forwarding from 127.0.0.1:8443 -> 8443
Forwarding from [::1]:8443 -> 8443
http://localhost:20001/kiali
http://localhost:16686
Handling connection for 8443
Handling connection for 8443
Handling connection for 8443
Handling connection for 8443
Handling connection for 8443
Handling connection for 8443
Handling connection for 8443
Handling connection for 8443
2024-10-24T20:48:49.747433Z	error	klog	error creating error stream for port 20001 -> 20001: Timeout occurred
2024-10-24T20:48:49.749211Z	error	klog	error creating error stream for port 20001 -> 20001: Timeout occurred
2024-10-24T20:48:49.749389Z	error	klog	error creating error stream for port 20001 -> 20001: Timeout occurred
2024-10-24T20:48:49.749549Z	error	klog	error creating error stream for port 20001 -> 20001: Timeout occurred
2024-10-24T20:48:49.761100Z	error	klog	error creating error stream for port 20001 -> 20001: Timeout occurred
2024-10-24T21:49:54.334449Z	error	klog	error creating error stream for port 20001 -> 20001: Timeout occurred
2024-10-24T22:50:49.923797Z	error	klog	error creating error stream for port 20001 -> 20001: Timeout occurred
2024-10-24T22:50:50.920845Z	error	klog	error creating error stream for port 20001 -> 20001: Timeout occurred
2024-10-24T22:50:50.920996Z	error	klog	error creating error stream for port 20001 -> 20001: Timeout occurred
2024-10-24T22:50:50.921070Z	error	klog	error creating error stream for port 20001 -> 20001: Timeout occurred
2024-10-24T23:01:18.488829Z	error	klog	error creating error stream for port 20001 -> 20001: Timeout occurred
2024-10-24T23:01:18.489074Z	error	klog	error creating error stream for port 20001 -> 20001: Timeout occurred
2024-10-24T23:01:19.507247Z	error	klog	error creating error stream for port 20001 -> 20001: Timeout occurred
2024-10-24T23:01:19.507549Z	error	klog	error creating error stream for port 20001 -> 20001: Timeout occurred
2024-10-24T23:01:19.507739Z	error	klog	error creating error stream for port 20001 -> 20001: Timeout occurred
2024-10-24T23:11:02.276641Z	error	klog	error creating error stream for port 20001 -> 20001: Timeout occurred
2024-10-24T23:11:11.258856Z	error	klog	error creating error stream for port 20001 -> 20001: Timeout occurred
2024-10-24T23:11:13.304893Z	error	klog	error creating error stream for port 20001 -> 20001: Timeout occurred
2024-10-24T23:11:13.306506Z	error	klog	error creating error stream for port 20001 -> 20001: Timeout occurred
2024-10-24T23:11:13.306908Z	error	klog	error creating error stream for port 20001 -> 20001: Timeout occurred
2024-10-24T23:23:39.802732Z	error	klog	error creating error stream for port 20001 -> 20001: Timeout occurred
2024-10-24T23:23:39.803464Z	error	klog	error creating error stream for port 20001 -> 20001: Timeout occurred
2024-10-24T23:23:41.856637Z	error	klog	error creating error stream for port 20001 -> 20001: Timeout occurred
2024-10-24T23:23:41.858175Z	error	klog	error creating error stream for port 20001 -> 20001: Timeout occurred
2024-10-24T23:23:41.858402Z	error	klog	error creating error stream for port 20001 -> 20001: Timeout occurred
2024-10-24T23:36:30.426198Z	error	klog	error creating error stream for port 20001 -> 20001: Timeout occurred
2024-10-24T23:47:07.560113Z	error	klog	error creating error stream for port 20001 -> 20001: Timeout occurred
2024-10-24T23:47:09.945935Z	error	klog	error creating error stream for port 20001 -> 20001: Timeout occurred
2024-10-24T23:47:09.946718Z	error	klog	error creating error stream for port 20001 -> 20001: Timeout occurred
2024-10-24T23:47:09.947845Z	error	klog	error creating error stream for port 20001 -> 20001: Timeout occurred
2024-10-24T23:52:02.895128Z	error	klog	error creating error stream for port 20001 -> 20001: Timeout occurred
2024-10-24T23:52:02.896318Z	error	klog	error creating error stream for port 20001 -> 20001: Timeout occurred
2024-10-24T23:58:04.168838Z	error	klog	error creating error stream for port 20001 -> 20001: Timeout occurred
2024-10-24T23:58:04.175523Z	error	klog	error creating error stream for port 20001 -> 20001: Timeout occurred
2024-10-24T23:58:04.526533Z	error	klog	error creating error stream for port 20001 -> 20001: Timeout occurred
2024-10-25T00:38:22.256467Z	error	klog	error creating error stream for port 20001 -> 20001: Timeout occurred
2024-10-25T00:38:29.935889Z	error	klog	error creating error stream for port 20001 -> 20001: Timeout occurred
2024-10-25T00:38:33.233250Z	error	klog	error creating error stream for port 20001 -> 20001: Timeout occurred
2024-10-25T00:38:33.233589Z	error	klog	error creating error stream for port 20001 -> 20001: Timeout occurred
2024-10-25T00:38:33.233784Z	error	klog	error creating error stream for port 20001 -> 20001: Timeout occurred
2024-10-25T00:52:55.141443Z	error	klog	error creating error stream for port 20001 -> 20001: Timeout occurred
2024-10-25T00:52:55.142667Z	error	klog	error creating error stream for port 20001 -> 20001: Timeout occurred
2024-10-25T00:52:59.148544Z	error	klog	error creating error stream for port 20001 -> 20001: Timeout occurred
2024-10-25T00:52:59.148856Z	error	klog	error creating error stream for port 20001 -> 20001: Timeout occurred
2024-10-25T00:52:59.150051Z	error	klog	error creating error stream for port 20001 -> 20001: Timeout occurred
2024-10-25T00:55:18.641003Z	error	klog	error creating error stream for port 20001 -> 20001: Timeout occurred
2024-10-25T01:16:22.087111Z	error	klog	error creating error stream for port 20001 -> 20001: Timeout occurred
2024-10-25T01:16:27.264331Z	error	klog	error creating error stream for port 20001 -> 20001: Timeout occurred
2024-10-25T01:16:27.265349Z	error	klog	error creating error stream for port 20001 -> 20001: Timeout occurred
2024-10-25T01:16:27.265466Z	error	klog	error creating error stream for port 20001 -> 20001: Timeout occurred
2024-10-25T01:37:09.770864Z	error	klog	error creating error stream for port 20001 -> 20001: Timeout occurred
2024-10-25T01:37:10.123041Z	error	klog	error creating error stream for port 20001 -> 20001: Timeout occurred
2024-10-25T01:37:14.651214Z	error	klog	error creating error stream for port 20001 -> 20001: Timeout occurred
2024-10-25T01:37:14.653089Z	error	klog	error creating error stream for port 20001 -> 20001: Timeout occurred
2024-10-25T01:37:14.653202Z	error	klog	error creating error stream for port 20001 -> 20001: Timeout occurred
2024-10-25T01:53:59.677495Z	error	klog	error creating error stream for port 20001 -> 20001: Timeout occurred
2024-10-25T01:54:05.143409Z	error	klog	error creating error stream for port 20001 -> 20001: Timeout occurred
2024-10-25T02:03:45.218789Z	error	klog	error creating error stream for port 20001 -> 20001: Timeout occurred
2024-10-25T02:03:45.218891Z	error	klog	error creating error stream for port 20001 -> 20001: Timeout occurred
2024-10-25T02:03:45.218977Z	error	klog	error creating error stream for port 20001 -> 20001: Timeout occurred
2024-10-25T02:55:01.911482Z	error	klog	error creating error stream for port 20001 -> 20001: Timeout occurred
2024-10-25T02:55:01.912502Z	error	klog	error creating error stream for port 20001 -> 20001: Timeout occurred
2024-10-25T03:55:54.335081Z	error	klog	error creating error stream for port 20001 -> 20001: Timeout occurred
2024-10-25T03:55:54.603550Z	error	klog	error creating error stream for port 20001 -> 20001: Timeout occurred
2024-10-25T03:55:54.606185Z	error	klog	error creating error stream for port 20001 -> 20001: Timeout occurred
2024-10-25T04:56:58.876036Z	error	klog	error creating error stream for port 20001 -> 20001: Timeout occurred
2024-10-25T04:57:02.897462Z	error	klog	error creating error stream for port 20001 -> 20001: Timeout occurred
2024-10-25T05:00:06.864423Z	error	klog	error creating error stream for port 20001 -> 20001: Timeout occurred
2024-10-25T05:00:07.233197Z	error	klog	error creating error stream for port 20001 -> 20001: Timeout occurred
2024-10-25T05:00:07.252399Z	error	klog	error creating error stream for port 20001 -> 20001: Timeout occurred
2024-10-25T05:00:28.053582Z	error	klog	error creating error stream for port 20001 -> 20001: Timeout occurred
2024-10-25T05:00:28.054828Z	error	klog	error creating error stream for port 20001 -> 20001: Timeout occurred
2024-10-25T05:00:28.100966Z	error	klog	error creating error stream for port 20001 -> 20001: Timeout occurred
2024-10-25T05:00:37.240299Z	error	klog	error creating error stream for port 20001 -> 20001: Timeout occurred
2024-10-25T05:00:37.258684Z	error	klog	error creating error stream for port 20001 -> 20001: Timeout occurred
2024-10-25T05:00:37.259801Z	error	klog	error creating error stream for port 20001 -> 20001: Timeout occurred
2024-10-25T05:57:57.321437Z	error	klog	error creating error stream for port 20001 -> 20001: Timeout occurred
2024-10-25T05:57:57.613749Z	error	klog	error creating error stream for port 20001 -> 20001: Timeout occurred
2024-10-25T05:57:59.329189Z	error	klog	error creating error stream for port 20001 -> 20001: Timeout occurred
2024-10-25T06:59:13.964335Z	error	klog	error creating error stream for port 20001 -> 20001: Timeout occurred
2024-10-25T06:59:13.965047Z	error	klog	error creating error stream for port 20001 -> 20001: Timeout occurred
2024-10-25T06:59:13.967282Z	error	klog	error creating error stream for port 20001 -> 20001: Timeout occurred
2024-10-25T06:59:14.270437Z	error	klog	error creating error stream for port 20001 -> 20001: Timeout occurred
2024-10-25T06:59:14.270646Z	error	klog	error creating error stream for port 20001 -> 20001: Timeout occurred
2024-10-25T08:00:07.600262Z	error	klog	error creating error stream for port 20001 -> 20001: Timeout occurred
2024-10-25T08:00:17.625320Z	error	klog	error creating error stream for port 20001 -> 20001: Timeout occurred
2024-10-25T08:00:18.682074Z	error	klog	error creating error stream for port 20001 -> 20001: Timeout occurred
2024-10-25T08:00:18.682257Z	error	klog	error creating error stream for port 20001 -> 20001: Timeout occurred
2024-10-25T08:00:18.682948Z	error	klog	error creating error stream for port 20001 -> 20001: Timeout occurred
2024-10-25T09:01:04.447947Z	error	klog	error creating error stream for port 20001 -> 20001: Timeout occurred
2024-10-25T09:01:04.448298Z	error	klog	error creating error stream for port 20001 -> 20001: Timeout occurred
2024-10-25T09:01:05.507087Z	error	klog	error creating error stream for port 20001 -> 20001: Timeout occurred
2024-10-25T09:01:05.507138Z	error	klog	error creating error stream for port 20001 -> 20001: Timeout occurred
2024-10-25T09:01:05.507194Z	error	klog	error creating error stream for port 20001 -> 20001: Timeout occurred
2024-10-25T09:44:24.012560Z	error	klog	error creating error stream for port 20001 -> 20001: Timeout occurred
2024-10-25T09:44:32.792386Z	error	klog	error creating error stream for port 20001 -> 20001: Timeout occurred
2024-10-25T09:44:34.757544Z	error	klog	error creating error stream for port 20001 -> 20001: Timeout occurred
2024-10-25T09:44:34.757783Z	error	klog	error creating error stream for port 20001 -> 20001: Timeout occurred
2024-10-25T09:44:34.758002Z	error	klog	error creating error stream for port 20001 -> 20001: Timeout occurred
2024-10-25T10:02:14.117097Z	error	klog	error creating error stream for port 20001 -> 20001: Timeout occurred
2024-10-25T10:02:14.118188Z	error	klog	error creating error stream for port 20001 -> 20001: Timeout occurred
2024-10-25T10:02:16.082982Z	error	klog	error creating error stream for port 20001 -> 20001: Timeout occurred
2024-10-25T10:02:16.087005Z	error	klog	error creating error stream for port 20001 -> 20001: Timeout occurred
2024-10-25T10:02:16.087777Z	error	klog	error creating error stream for port 20001 -> 20001: Timeout occurred
2024-10-25T11:03:05.342852Z	error	klog	error creating error stream for port 20001 -> 20001: Timeout occurred
2024-10-25T11:03:12.225951Z	error	klog	error creating error stream for port 20001 -> 20001: Timeout occurred
2024-10-25T11:03:15.245909Z	error	klog	error creating error stream for port 20001 -> 20001: Timeout occurred
2024-10-25T11:03:15.246766Z	error	klog	error creating error stream for port 20001 -> 20001: Timeout occurred
2024-10-25T11:03:15.247602Z	error	klog	error creating error stream for port 20001 -> 20001: Timeout occurred
2024-10-25T12:04:10.181559Z	error	klog	error creating error stream for port 20001 -> 20001: Timeout occurred
2024-10-25T12:04:10.182318Z	error	klog	error creating error stream for port 20001 -> 20001: Timeout occurred
2024-10-25T12:04:13.248584Z	error	klog	error creating error stream for port 20001 -> 20001: Timeout occurred
2024-10-25T12:04:13.248743Z	error	klog	error creating error stream for port 20001 -> 20001: Timeout occurred
2024-10-25T12:04:13.249063Z	error	klog	error creating error stream for port 20001 -> 20001: Timeout occurred
2024-10-25T12:46:31.770134Z	error	klog	error creating error stream for port 20001 -> 20001: Timeout occurred
2024-10-25T13:05:08.025318Z	error	klog	error creating error stream for port 20001 -> 20001: Timeout occurred
2024-10-25T13:05:12.029396Z	error	klog	error creating error stream for port 20001 -> 20001: Timeout occurred
2024-10-25T13:05:12.031031Z	error	klog	error creating error stream for port 20001 -> 20001: Timeout occurred
2024-10-25T13:05:12.031181Z	error	klog	error creating error stream for port 20001 -> 20001: Timeout occurred
2024-10-25T13:37:12.640565Z	error	klog	error creating error stream for port 20001 -> 20001: Timeout occurred
2024-10-25T13:37:12.641057Z	error	klog	error creating error stream for port 20001 -> 20001: Timeout occurred
2024-10-25T13:37:16.662481Z	error	klog	error creating error stream for port 20001 -> 20001: Timeout occurred
2024-10-25T13:37:16.662634Z	error	klog	error creating error stream for port 20001 -> 20001: Timeout occurred
2024-10-25T13:37:16.662944Z	error	klog	error creating error stream for port 20001 -> 20001: Timeout occurred
2024-10-25T13:37:36.734043Z	error	klog	error creating error stream for port 20001 -> 20001: Timeout occurred
2024-10-25T13:37:42.648135Z	error	klog	error creating error stream for port 20001 -> 20001: Timeout occurred
2024-10-25T13:37:47.646305Z	error	klog	error creating error stream for port 20001 -> 20001: Timeout occurred
2024-10-25T13:37:47.647961Z	error	klog	error creating error stream for port 20001 -> 20001: Timeout occurred
2024-10-25T13:37:47.648248Z	error	klog	error creating error stream for port 20001 -> 20001: Timeout occurred
Handling connection for 8443
Handling connection for 8443
Handling connection for 8443
Handling connection for 8443
2024-10-25T13:38:12.648723Z	error	klog	error creating error stream for port 20001 -> 20001: Timeout occurred
2024-10-25T13:38:12.649393Z	error	klog	error creating error stream for port 20001 -> 20001: Timeout occurred
2024-10-25T13:38:17.649347Z	error	klog	error creating error stream for port 20001 -> 20001: Timeout occurred
2024-10-25T13:38:17.649872Z	error	klog	error creating error stream for port 20001 -> 20001: Timeout occurred
2024-10-25T13:38:17.650617Z	error	klog	error creating error stream for port 20001 -> 20001: Timeout occurred
E1025 21:38:32.050677   96875 portforward.go:351] error creating error stream for port 8443 -> 8443: Timeout occurred
Handling connection for 8443
E1025 21:38:32.314663   96875 portforward.go:351] error creating error stream for port 8443 -> 8443: Timeout occurred
E1025 21:38:34.029717   96875 portforward.go:351] error creating error stream for port 8443 -> 8443: Timeout occurred
E1025 21:38:34.030618   96875 portforward.go:351] error creating error stream for port 8443 -> 8443: Timeout occurred
2024-10-25T13:38:37.652179Z	error	klog	error creating error stream for port 20001 -> 20001: Timeout occurred
2024-10-25T13:38:42.650244Z	error	klog	error creating error stream for port 20001 -> 20001: Timeout occurred
2024-10-25T13:38:48.643068Z	error	klog	error creating error stream for port 20001 -> 20001: Timeout occurred
2024-10-25T13:38:48.643180Z	error	klog	error creating error stream for port 20001 -> 20001: Timeout occurred
2024-10-25T13:38:48.643293Z	error	klog	error creating error stream for port 20001 -> 20001: Timeout occurred
E1025 21:39:02.093900   96875 portforward.go:351] error creating error stream for port 8443 -> 8443: Timeout occurred
2024-10-25T13:39:12.652866Z	error	klog	error creating error stream for port 20001 -> 20001: Timeout occurred
2024-10-25T13:39:12.652985Z	error	klog	error creating error stream for port 20001 -> 20001: Timeout occurred
2024-10-25T13:39:18.645895Z	error	klog	error creating error stream for port 20001 -> 20001: Timeout occurred
2024-10-25T13:39:18.646038Z	error	klog	error creating error stream for port 20001 -> 20001: Timeout occurred
2024-10-25T13:39:18.646198Z	error	klog	error creating error stream for port 20001 -> 20001: Timeout occurred
2024-10-25T13:39:38.651319Z	error	klog	error creating error stream for port 20001 -> 20001: Timeout occurred
2024-10-25T13:39:42.655636Z	error	klog	error creating error stream for port 20001 -> 20001: Timeout occurred
2024-10-25T13:39:49.642803Z	error	klog	error creating error stream for port 20001 -> 20001: Timeout occurred
2024-10-25T13:39:49.642952Z	error	klog	error creating error stream for port 20001 -> 20001: Timeout occurred
2024-10-25T13:39:49.643105Z	error	klog	error creating error stream for port 20001 -> 20001: Timeout occurred
2024-10-25T13:40:12.638211Z	error	klog	error creating error stream for port 20001 -> 20001: Timeout occurred
2024-10-25T13:40:12.638374Z	error	klog	error creating error stream for port 20001 -> 20001: Timeout occurred
2024-10-25T13:40:12.657083Z	error	klog	error creating error stream for port 20001 -> 20001: Timeout occurred
2024-10-25T13:40:19.645511Z	error	klog	error creating error stream for port 20001 -> 20001: Timeout occurred
2024-10-25T13:40:19.645686Z	error	klog	error creating error stream for port 20001 -> 20001: Timeout occurred
2024-10-25T13:40:19.645864Z	error	klog	error creating error stream for port 20001 -> 20001: Timeout occurred
2024-10-25T13:40:42.640093Z	error	klog	error creating error stream for port 20001 -> 20001: Timeout occurred
2024-10-25T13:40:42.640509Z	error	klog	error creating error stream for port 20001 -> 20001: Timeout occurred
2024-10-25T13:40:42.659443Z	error	klog	error creating error stream for port 20001 -> 20001: Timeout occurred
2024-10-25T13:40:49.648549Z	error	klog	error creating error stream for port 20001 -> 20001: Timeout occurred
2024-10-25T13:40:50.658407Z	error	klog	error creating error stream for port 20001 -> 20001: Timeout occurred
2024-10-25T13:41:10.663808Z	error	klog	error creating error stream for port 20001 -> 20001: Timeout occurred
2024-10-25T13:41:12.642214Z	error	klog	error creating error stream for port 20001 -> 20001: Timeout occurred
2024-10-25T13:41:12.642402Z	error	klog	error creating error stream for port 20001 -> 20001: Timeout occurred
2024-10-25T13:41:12.660837Z	error	klog	error creating error stream for port 20001 -> 20001: Timeout occurred
2024-10-25T13:41:19.650531Z	error	klog	error creating error stream for port 20001 -> 20001: Timeout occurred
2024-10-25T13:41:20.660303Z	error	klog	error creating error stream for port 20001 -> 20001: Timeout occurred
2024-10-25T13:41:40.665186Z	error	klog	error creating error stream for port 20001 -> 20001: Timeout occurred
2024-10-25T13:41:42.644932Z	error	klog	error creating error stream for port 20001 -> 20001: Timeout occurred
2024-10-25T13:41:42.644990Z	error	klog	error creating error stream for port 20001 -> 20001: Timeout occurred
2024-10-25T13:41:42.663366Z	error	klog	error creating error stream for port 20001 -> 20001: Timeout occurred
2024-10-25T13:41:49.653136Z	error	klog	error creating error stream for port 20001 -> 20001: Timeout occurred
2024-10-25T13:41:50.662248Z	error	klog	error creating error stream for port 20001 -> 20001: Timeout occurred
2024-10-25T13:42:12.636971Z	error	klog	error creating error stream for port 20001 -> 20001: Timeout occurred
2024-10-25T13:42:12.646798Z	error	klog	error creating error stream for port 20001 -> 20001: Timeout occurred
2024-10-25T13:42:12.646896Z	error	klog	error creating error stream for port 20001 -> 20001: Timeout occurred
2024-10-25T13:42:12.665133Z	error	klog	error creating error stream for port 20001 -> 20001: Timeout occurred
2024-10-25T13:42:19.655320Z	error	klog	error creating error stream for port 20001 -> 20001: Timeout occurred
2024-10-25T13:42:32.642279Z	error	klog	error creating error stream for port 20001 -> 20001: Timeout occurred
2024-10-25T13:42:42.638424Z	error	klog	error creating error stream for port 20001 -> 20001: Timeout occurred
2024-10-25T13:42:50.662443Z	error	klog	error creating error stream for port 20001 -> 20001: Timeout occurred
2024-10-25T13:42:50.662700Z	error	klog	error creating error stream for port 20001 -> 20001: Timeout occurred
2024-10-25T13:42:50.669848Z	error	klog	error creating error stream for port 20001 -> 20001: Timeout occurred
2024-10-25T13:43:12.639857Z	error	klog	error creating error stream for port 20001 -> 20001: Timeout occurred
2024-10-25T13:43:12.640596Z	error	klog	error creating error stream for port 20001 -> 20001: Timeout occurred
2024-10-25T13:43:12.654896Z	error	klog	error creating error stream for port 20001 -> 20001: Timeout occurred
2024-10-25T13:43:20.665549Z	error	klog	error creating error stream for port 20001 -> 20001: Timeout occurred
2024-10-25T13:43:20.665712Z	error	klog	error creating error stream for port 20001 -> 20001: Timeout occurred
2024-10-25T13:43:20.671344Z	error	klog	error creating error stream for port 20001 -> 20001: Timeout occurred
2024-10-25T13:43:42.641965Z	error	klog	error creating error stream for port 20001 -> 20001: Timeout occurred
2024-10-25T13:43:42.642063Z	error	klog	error creating error stream for port 20001 -> 20001: Timeout occurred
2024-10-25T13:43:42.656909Z	error	klog	error creating error stream for port 20001 -> 20001: Timeout occurred
2024-10-25T13:43:50.667382Z	error	klog	error creating error stream for port 20001 -> 20001: Timeout occurred
2024-10-25T13:44:12.639020Z	error	klog	error creating error stream for port 20001 -> 20001: Timeout occurred
2024-10-25T13:44:12.639763Z	error	klog	error creating error stream for port 20001 -> 20001: Timeout occurred
2024-10-25T13:44:12.643270Z	error	klog	error creating error stream for port 20001 -> 20001: Timeout occurred
2024-10-25T13:44:12.644099Z	error	klog	error creating error stream for port 20001 -> 20001: Timeout occurred
2024-10-25T13:44:12.658159Z	error	klog	error creating error stream for port 20001 -> 20001: Timeout occurred
2024-10-25T13:44:32.641032Z	error	klog	error creating error stream for port 20001 -> 20001: Timeout occurred
2024-10-25T13:44:42.641533Z	error	klog	error creating error stream for port 20001 -> 20001: Timeout occurred
2024-10-25T13:44:43.668581Z	error	klog	error creating error stream for port 20001 -> 20001: Timeout occurred
2024-10-25T13:44:43.668681Z	error	klog	error creating error stream for port 20001 -> 20001: Timeout occurred
2024-10-25T13:44:43.668725Z	error	klog	error creating error stream for port 20001 -> 20001: Timeout occurred
2024-10-25T13:45:12.652355Z	error	klog	error creating error stream for port 20001 -> 20001: Timeout occurred
2024-10-25T13:45:12.653082Z	error	klog	error creating error stream for port 20001 -> 20001: Timeout occurred
2024-10-25T13:45:13.669737Z	error	klog	error creating error stream for port 20001 -> 20001: Timeout occurred
2024-10-25T13:45:13.670670Z	error	klog	error creating error stream for port 20001 -> 20001: Timeout occurred
2024-10-25T13:45:13.670757Z	error	klog	error creating error stream for port 20001 -> 20001: Timeout occurred
2024-10-25T13:45:33.674089Z	error	klog	error creating error stream for port 20001 -> 20001: Timeout occurred
2024-10-25T13:45:42.655334Z	error	klog	error creating error stream for port 20001 -> 20001: Timeout occurred
2024-10-25T13:45:44.647017Z	error	klog	error creating error stream for port 20001 -> 20001: Timeout occurred
2024-10-25T13:45:44.647194Z	error	klog	error creating error stream for port 20001 -> 20001: Timeout occurred
2024-10-25T13:45:44.647276Z	error	klog	error creating error stream for port 20001 -> 20001: Timeout occurred
2024-10-25T13:46:12.638571Z	error	klog	error creating error stream for port 20001 -> 20001: Timeout occurred
2024-10-25T13:46:12.638707Z	error	klog	error creating error stream for port 20001 -> 20001: Timeout occurred
2024-10-25T13:46:14.649863Z	error	klog	error creating error stream for port 20001 -> 20001: Timeout occurred
2024-10-25T13:46:14.650064Z	error	klog	error creating error stream for port 20001 -> 20001: Timeout occurred
2024-10-25T13:46:14.650125Z	error	klog	error creating error stream for port 20001 -> 20001: Timeout occurred
2024-10-25T13:46:34.654413Z	error	klog	error creating error stream for port 20001 -> 20001: Timeout occurred
2024-10-25T13:46:42.641071Z	error	klog	error creating error stream for port 20001 -> 20001: Timeout occurred
2024-10-25T13:46:45.661521Z	error	klog	error creating error stream for port 20001 -> 20001: Timeout occurred
2024-10-25T13:46:45.661655Z	error	klog	error creating error stream for port 20001 -> 20001: Timeout occurred
2024-10-25T13:46:45.661789Z	error	klog	error creating error stream for port 20001 -> 20001: Timeout occurred
2024-10-25T13:47:12.652952Z	error	klog	error creating error stream for port 20001 -> 20001: Timeout occurred
2024-10-25T13:47:12.654376Z	error	klog	error creating error stream for port 20001 -> 20001: Timeout occurred
2024-10-25T13:47:15.663257Z	error	klog	error creating error stream for port 20001 -> 20001: Timeout occurred
2024-10-25T13:47:15.663493Z	error	klog	error creating error stream for port 20001 -> 20001: Timeout occurred
2024-10-25T13:47:15.663867Z	error	klog	error creating error stream for port 20001 -> 20001: Timeout occurred
2024-10-25T13:47:35.667093Z	error	klog	error creating error stream for port 20001 -> 20001: Timeout occurred
2024-10-25T13:47:42.656661Z	error	klog	error creating error stream for port 20001 -> 20001: Timeout occurred
2024-10-25T13:47:46.678017Z	error	klog	error creating error stream for port 20001 -> 20001: Timeout occurred
2024-10-25T13:47:46.678099Z	error	klog	error creating error stream for port 20001 -> 20001: Timeout occurred
2024-10-25T13:47:46.678234Z	error	klog	error creating error stream for port 20001 -> 20001: Timeout occurred
2024-10-25T13:48:12.652430Z	error	klog	error creating error stream for port 20001 -> 20001: Timeout occurred
2024-10-25T13:48:12.653438Z	error	klog	error creating error stream for port 20001 -> 20001: Timeout occurred
2024-10-25T13:48:16.679580Z	error	klog	error creating error stream for port 20001 -> 20001: Timeout occurred
2024-10-25T13:48:16.680413Z	error	klog	error creating error stream for port 20001 -> 20001: Timeout occurred
2024-10-25T13:48:16.680654Z	error	klog	error creating error stream for port 20001 -> 20001: Timeout occurred
2024-10-25T13:48:36.682978Z	error	klog	error creating error stream for port 20001 -> 20001: Timeout occurred
2024-10-25T13:48:42.655077Z	error	klog	error creating error stream for port 20001 -> 20001: Timeout occurred
2024-10-25T13:48:47.663316Z	error	klog	error creating error stream for port 20001 -> 20001: Timeout occurred
2024-10-25T13:48:47.664197Z	error	klog	error creating error stream for port 20001 -> 20001: Timeout occurred
2024-10-25T13:48:47.664336Z	error	klog	error creating error stream for port 20001 -> 20001: Timeout occurred
2024-10-25T13:49:12.654532Z	error	klog	error creating error stream for port 20001 -> 20001: Timeout occurred
2024-10-25T13:49:12.654748Z	error	klog	error creating error stream for port 20001 -> 20001: Timeout occurred
2024-10-25T13:49:17.665754Z	error	klog	error creating error stream for port 20001 -> 20001: Timeout occurred
2024-10-25T13:49:17.666952Z	error	klog	error creating error stream for port 20001 -> 20001: Timeout occurred
2024-10-25T13:49:17.667050Z	error	klog	error creating error stream for port 20001 -> 20001: Timeout occurred
2024-10-25T13:49:37.671152Z	error	klog	error creating error stream for port 20001 -> 20001: Timeout occurred
2024-10-25T13:49:42.656004Z	error	klog	error creating error stream for port 20001 -> 20001: Timeout occurred
2024-10-25T13:49:48.662707Z	error	klog	error creating error stream for port 20001 -> 20001: Timeout occurred
2024-10-25T13:49:48.662836Z	error	klog	error creating error stream for port 20001 -> 20001: Timeout occurred
2024-10-25T13:49:48.662968Z	error	klog	error creating error stream for port 20001 -> 20001: Timeout occurred
2024-10-25T13:50:12.655877Z	error	klog	error creating error stream for port 20001 -> 20001: Timeout occurred
2024-10-25T13:50:12.656044Z	error	klog	error creating error stream for port 20001 -> 20001: Timeout occurred
2024-10-25T13:50:18.665921Z	error	klog	error creating error stream for port 20001 -> 20001: Timeout occurred
2024-10-25T13:50:18.666046Z	error	klog	error creating error stream for port 20001 -> 20001: Timeout occurred
2024-10-25T13:50:18.666134Z	error	klog	error creating error stream for port 20001 -> 20001: Timeout occurred
2024-10-25T13:50:38.667372Z	error	klog	error creating error stream for port 20001 -> 20001: Timeout occurred
2024-10-25T13:50:42.657457Z	error	klog	error creating error stream for port 20001 -> 20001: Timeout occurred
2024-10-25T13:50:49.666421Z	error	klog	error creating error stream for port 20001 -> 20001: Timeout occurred
2024-10-25T13:50:49.666542Z	error	klog	error creating error stream for port 20001 -> 20001: Timeout occurred
2024-10-25T13:50:49.666678Z	error	klog	error creating error stream for port 20001 -> 20001: Timeout occurred
2024-10-25T13:51:12.640293Z	error	klog	error creating error stream for port 20001 -> 20001: Timeout occurred
2024-10-25T13:51:12.640504Z	error	klog	error creating error stream for port 20001 -> 20001: Timeout occurred
2024-10-25T13:51:12.658845Z	error	klog	error creating error stream for port 20001 -> 20001: Timeout occurred
2024-10-25T13:51:19.668101Z	error	klog	error creating error stream for port 20001 -> 20001: Timeout occurred
2024-10-25T13:51:19.668988Z	error	klog	error creating error stream for port 20001 -> 20001: Timeout occurred
2024-10-25T13:51:19.669196Z	error	klog	error creating error stream for port 20001 -> 20001: Timeout occurred
2024-10-25T13:51:42.641949Z	error	klog	error creating error stream for port 20001 -> 20001: Timeout occurred
2024-10-25T13:51:42.642717Z	error	klog	error creating error stream for port 20001 -> 20001: Timeout occurred
2024-10-25T13:51:42.660696Z	error	klog	error creating error stream for port 20001 -> 20001: Timeout occurred
2024-10-25T13:51:49.670400Z	error	klog	error creating error stream for port 20001 -> 20001: Timeout occurred
2024-10-25T13:52:12.640876Z	error	klog	error creating error stream for port 20001 -> 20001: Timeout occurred
2024-10-25T13:52:12.641330Z	error	klog	error creating error stream for port 20001 -> 20001: Timeout occurred
2024-10-25T13:52:12.643081Z	error	klog	error creating error stream for port 20001 -> 20001: Timeout occurred
2024-10-25T13:52:12.644067Z	error	klog	error creating error stream for port 20001 -> 20001: Timeout occurred
2024-10-25T13:52:12.662722Z	error	klog	error creating error stream for port 20001 -> 20001: Timeout occurred
2024-10-25T13:52:32.645522Z	error	klog	error creating error stream for port 20001 -> 20001: Timeout occurred
2024-10-25T13:52:42.642573Z	error	klog	error creating error stream for port 20001 -> 20001: Timeout occurred
2024-10-25T13:52:43.669955Z	error	klog	error creating error stream for port 20001 -> 20001: Timeout occurred
2024-10-25T13:52:43.670702Z	error	klog	error creating error stream for port 20001 -> 20001: Timeout occurred
2024-10-25T13:52:43.670835Z	error	klog	error creating error stream for port 20001 -> 20001: Timeout occurred
2024-10-25T13:53:12.641710Z	error	klog	error creating error stream for port 20001 -> 20001: Timeout occurred
2024-10-25T13:53:12.642623Z	error	klog	error creating error stream for port 20001 -> 20001: Timeout occurred
2024-10-25T13:53:13.673209Z	error	klog	error creating error stream for port 20001 -> 20001: Timeout occurred
2024-10-25T13:53:13.673327Z	error	klog	error creating error stream for port 20001 -> 20001: Timeout occurred
2024-10-25T13:53:13.673687Z	error	klog	error creating error stream for port 20001 -> 20001: Timeout occurred
2024-10-25T13:53:33.675029Z	error	klog	error creating error stream for port 20001 -> 20001: Timeout occurred
2024-10-25T13:53:42.643897Z	error	klog	error creating error stream for port 20001 -> 20001: Timeout occurred
2024-10-25T13:53:44.669984Z	error	klog	error creating error stream for port 20001 -> 20001: Timeout occurred
2024-10-25T13:53:44.670073Z	error	klog	error creating error stream for port 20001 -> 20001: Timeout occurred
2024-10-25T13:53:44.670199Z	error	klog	error creating error stream for port 20001 -> 20001: Timeout occurred
2024-10-25T13:54:12.652897Z	error	klog	error creating error stream for port 20001 -> 20001: Timeout occurred
2024-10-25T13:54:12.653344Z	error	klog	error creating error stream for port 20001 -> 20001: Timeout occurred
2024-10-25T13:54:14.672000Z	error	klog	error creating error stream for port 20001 -> 20001: Timeout occurred
2024-10-25T13:54:14.672434Z	error	klog	error creating error stream for port 20001 -> 20001: Timeout occurred
2024-10-25T13:54:14.672828Z	error	klog	error creating error stream for port 20001 -> 20001: Timeout occurred
2024-10-25T13:54:34.674532Z	error	klog	error creating error stream for port 20001 -> 20001: Timeout occurred
2024-10-25T13:54:42.654784Z	error	klog	error creating error stream for port 20001 -> 20001: Timeout occurred
2024-10-25T13:54:45.667729Z	error	klog	error creating error stream for port 20001 -> 20001: Timeout occurred
2024-10-25T13:54:45.668145Z	error	klog	error creating error stream for port 20001 -> 20001: Timeout occurred
2024-10-25T13:54:45.668363Z	error	klog	error creating error stream for port 20001 -> 20001: Timeout occurred
2024-10-25T13:55:12.654295Z	error	klog	error creating error stream for port 20001 -> 20001: Timeout occurred
2024-10-25T13:55:12.654430Z	error	klog	error creating error stream for port 20001 -> 20001: Timeout occurred
2024-10-25T13:55:15.670374Z	error	klog	error creating error stream for port 20001 -> 20001: Timeout occurred
2024-10-25T13:55:15.670484Z	error	klog	error creating error stream for port 20001 -> 20001: Timeout occurred
2024-10-25T13:55:15.671149Z	error	klog	error creating error stream for port 20001 -> 20001: Timeout occurred
2024-10-25T13:55:35.672999Z	error	klog	error creating error stream for port 20001 -> 20001: Timeout occurred
2024-10-25T13:55:42.655941Z	error	klog	error creating error stream for port 20001 -> 20001: Timeout occurred
2024-10-25T13:55:46.670310Z	error	klog	error creating error stream for port 20001 -> 20001: Timeout occurred
2024-10-25T13:55:46.670448Z	error	klog	error creating error stream for port 20001 -> 20001: Timeout occurred
2024-10-25T13:55:46.670573Z	error	klog	error creating error stream for port 20001 -> 20001: Timeout occurred
2024-10-25T13:56:12.656172Z	error	klog	error creating error stream for port 20001 -> 20001: Timeout occurred
2024-10-25T13:56:12.656320Z	error	klog	error creating error stream for port 20001 -> 20001: Timeout occurred
2024-10-25T13:56:16.672691Z	error	klog	error creating error stream for port 20001 -> 20001: Timeout occurred
2024-10-25T13:56:16.672837Z	error	klog	error creating error stream for port 20001 -> 20001: Timeout occurred
2024-10-25T13:56:16.672931Z	error	klog	error creating error stream for port 20001 -> 20001: Timeout occurred
2024-10-25T13:56:36.672832Z	error	klog	error creating error stream for port 20001 -> 20001: Timeout occurred
2024-10-25T13:56:42.657912Z	error	klog	error creating error stream for port 20001 -> 20001: Timeout occurred
2024-10-25T13:56:47.671183Z	error	klog	error creating error stream for port 20001 -> 20001: Timeout occurred
2024-10-25T13:56:47.671314Z	error	klog	error creating error stream for port 20001 -> 20001: Timeout occurred
2024-10-25T13:56:47.671837Z	error	klog	error creating error stream for port 20001 -> 20001: Timeout occurred
2024-10-25T13:57:12.656039Z	error	klog	error creating error stream for port 20001 -> 20001: Timeout occurred
2024-10-25T13:57:12.656170Z	error	klog	error creating error stream for port 20001 -> 20001: Timeout occurred
2024-10-25T13:57:17.673193Z	error	klog	error creating error stream for port 20001 -> 20001: Timeout occurred
2024-10-25T13:57:17.674100Z	error	klog	error creating error stream for port 20001 -> 20001: Timeout occurred
2024-10-25T13:57:17.674290Z	error	klog	error creating error stream for port 20001 -> 20001: Timeout occurred
2024-10-25T13:57:37.675923Z	error	klog	error creating error stream for port 20001 -> 20001: Timeout occurred
2024-10-25T13:57:42.657916Z	error	klog	error creating error stream for port 20001 -> 20001: Timeout occurred
2024-10-25T13:57:48.679350Z	error	klog	error creating error stream for port 20001 -> 20001: Timeout occurred
2024-10-25T13:57:48.679459Z	error	klog	error creating error stream for port 20001 -> 20001: Timeout occurred
2024-10-25T13:57:48.679548Z	error	klog	error creating error stream for port 20001 -> 20001: Timeout occurred
2024-10-25T13:58:12.654130Z	error	klog	error creating error stream for port 20001 -> 20001: Timeout occurred
2024-10-25T13:58:12.654724Z	error	klog	error creating error stream for port 20001 -> 20001: Timeout occurred
2024-10-25T13:58:18.681557Z	error	klog	error creating error stream for port 20001 -> 20001: Timeout occurred
2024-10-25T13:58:18.681636Z	error	klog	error creating error stream for port 20001 -> 20001: Timeout occurred
2024-10-25T13:58:18.682150Z	error	klog	error creating error stream for port 20001 -> 20001: Timeout occurred
2024-10-25T13:58:38.682446Z	error	klog	error creating error stream for port 20001 -> 20001: Timeout occurred
2024-10-25T13:58:42.656698Z	error	klog	error creating error stream for port 20001 -> 20001: Timeout occurred
2024-10-25T13:58:49.670703Z	error	klog	error creating error stream for port 20001 -> 20001: Timeout occurred
2024-10-25T13:58:49.670782Z	error	klog	error creating error stream for port 20001 -> 20001: Timeout occurred
2024-10-25T13:58:49.671346Z	error	klog	error creating error stream for port 20001 -> 20001: Timeout occurred
2024-10-25T13:59:12.644592Z	error	klog	error creating error stream for port 20001 -> 20001: Timeout occurred
2024-10-25T13:59:12.645542Z	error	klog	error creating error stream for port 20001 -> 20001: Timeout occurred
2024-10-25T13:59:12.664165Z	error	klog	error creating error stream for port 20001 -> 20001: Timeout occurred
2024-10-25T13:59:19.672242Z	error	klog	error creating error stream for port 20001 -> 20001: Timeout occurred
2024-10-25T13:59:19.673088Z	error	klog	error creating error stream for port 20001 -> 20001: Timeout occurred
2024-10-25T13:59:19.673713Z	error	klog	error creating error stream for port 20001 -> 20001: Timeout occurred
2024-10-25T13:59:42.647084Z	error	klog	error creating error stream for port 20001 -> 20001: Timeout occurred
2024-10-25T13:59:42.647725Z	error	klog	error creating error stream for port 20001 -> 20001: Timeout occurred
2024-10-25T13:59:42.666344Z	error	klog	error creating error stream for port 20001 -> 20001: Timeout occurred
2024-10-25T13:59:49.673777Z	error	klog	error creating error stream for port 20001 -> 20001: Timeout occurred
2024-10-25T13:59:50.673152Z	error	klog	error creating error stream for port 20001 -> 20001: Timeout occurred
2024-10-25T14:00:10.675954Z	error	klog	error creating error stream for port 20001 -> 20001: Timeout occurred
2024-10-25T14:00:12.648974Z	error	klog	error creating error stream for port 20001 -> 20001: Timeout occurred
2024-10-25T14:00:12.649384Z	error	klog	error creating error stream for port 20001 -> 20001: Timeout occurred
2024-10-25T14:00:12.668586Z	error	klog	error creating error stream for port 20001 -> 20001: Timeout occurred
2024-10-25T14:00:19.676358Z	error	klog	error creating error stream for port 20001 -> 20001: Timeout occurred
2024-10-25T14:00:20.674678Z	error	klog	error creating error stream for port 20001 -> 20001: Timeout occurred
2024-10-25T14:00:40.678958Z	error	klog	error creating error stream for port 20001 -> 20001: Timeout occurred
2024-10-25T14:00:42.650813Z	error	klog	error creating error stream for port 20001 -> 20001: Timeout occurred
2024-10-25T14:00:42.651204Z	error	klog	error creating error stream for port 20001 -> 20001: Timeout occurred
2024-10-25T14:00:42.670733Z	error	klog	error creating error stream for port 20001 -> 20001: Timeout occurred
2024-10-25T14:00:49.678648Z	error	klog	error creating error stream for port 20001 -> 20001: Timeout occurred
2024-10-25T14:00:50.676919Z	error	klog	error creating error stream for port 20001 -> 20001: Timeout occurred
2024-10-25T14:01:12.643155Z	error	klog	error creating error stream for port 20001 -> 20001: Timeout occurred
2024-10-25T14:01:12.651940Z	error	klog	error creating error stream for port 20001 -> 20001: Timeout occurred
2024-10-25T14:01:12.652761Z	error	klog	error creating error stream for port 20001 -> 20001: Timeout occurred
2024-10-25T14:01:12.672379Z	error	klog	error creating error stream for port 20001 -> 20001: Timeout occurred
2024-10-25T14:01:19.680945Z	error	klog	error creating error stream for port 20001 -> 20001: Timeout occurred
2024-10-25T14:01:32.645883Z	error	klog	error creating error stream for port 20001 -> 20001: Timeout occurred
2024-10-25T14:01:42.645349Z	error	klog	error creating error stream for port 20001 -> 20001: Timeout occurred
2024-10-25T14:01:50.672954Z	error	klog	error creating error stream for port 20001 -> 20001: Timeout occurred
2024-10-25T14:01:50.673125Z	error	klog	error creating error stream for port 20001 -> 20001: Timeout occurred
2024-10-25T14:01:50.673206Z	error	klog	error creating error stream for port 20001 -> 20001: Timeout occurred
2024-10-25T14:02:12.644643Z	error	klog	error creating error stream for port 20001 -> 20001: Timeout occurred
2024-10-25T14:02:12.644758Z	error	klog	error creating error stream for port 20001 -> 20001: Timeout occurred
2024-10-25T14:02:12.665475Z	error	klog	error creating error stream for port 20001 -> 20001: Timeout occurred
2024-10-25T14:02:20.674668Z	error	klog	error creating error stream for port 20001 -> 20001: Timeout occurred
2024-10-25T14:02:20.675654Z	error	klog	error creating error stream for port 20001 -> 20001: Timeout occurred
2024-10-25T14:02:20.675817Z	error	klog	error creating error stream for port 20001 -> 20001: Timeout occurred
2024-10-25T14:02:42.646008Z	error	klog	error creating error stream for port 20001 -> 20001: Timeout occurred
2024-10-25T14:02:42.646790Z	error	klog	error creating error stream for port 20001 -> 20001: Timeout occurred
2024-10-25T14:02:42.667558Z	error	klog	error creating error stream for port 20001 -> 20001: Timeout occurred
2024-10-25T14:02:50.677147Z	error	klog	error creating error stream for port 20001 -> 20001: Timeout occurred
2024-10-25T14:03:12.645234Z	error	klog	error creating error stream for port 20001 -> 20001: Timeout occurred
2024-10-25T14:03:12.645814Z	error	klog	error creating error stream for port 20001 -> 20001: Timeout occurred
2024-10-25T14:03:12.647218Z	error	klog	error creating error stream for port 20001 -> 20001: Timeout occurred
2024-10-25T14:03:12.648494Z	error	klog	error creating error stream for port 20001 -> 20001: Timeout occurred
2024-10-25T14:03:12.669290Z	error	klog	error creating error stream for port 20001 -> 20001: Timeout occurred
2024-10-25T14:03:32.647528Z	error	klog	error creating error stream for port 20001 -> 20001: Timeout occurred
2024-10-25T14:03:42.647691Z	error	klog	error creating error stream for port 20001 -> 20001: Timeout occurred
2024-10-25T14:03:43.672301Z	error	klog	error creating error stream for port 20001 -> 20001: Timeout occurred
2024-10-25T14:03:43.672440Z	error	klog	error creating error stream for port 20001 -> 20001: Timeout occurred
2024-10-25T14:03:43.672525Z	error	klog	error creating error stream for port 20001 -> 20001: Timeout occurred
2024-10-25T14:04:12.659851Z	error	klog	error creating error stream for port 20001 -> 20001: Timeout occurred
2024-10-25T14:04:12.659979Z	error	klog	error creating error stream for port 20001 -> 20001: Timeout occurred
2024-10-25T14:04:13.674955Z	error	klog	error creating error stream for port 20001 -> 20001: Timeout occurred
2024-10-25T14:04:13.675092Z	error	klog	error creating error stream for port 20001 -> 20001: Timeout occurred
2024-10-25T14:04:13.675176Z	error	klog	error creating error stream for port 20001 -> 20001: Timeout occurred
2024-10-25T14:04:33.677056Z	error	klog	error creating error stream for port 20001 -> 20001: Timeout occurred
2024-10-25T14:04:42.661791Z	error	klog	error creating error stream for port 20001 -> 20001: Timeout occurred
2024-10-25T14:04:44.674911Z	error	klog	error creating error stream for port 20001 -> 20001: Timeout occurred
2024-10-25T14:04:44.675028Z	error	klog	error creating error stream for port 20001 -> 20001: Timeout occurred
2024-10-25T14:04:44.675112Z	error	klog	error creating error stream for port 20001 -> 20001: Timeout occurred
2024-10-25T14:05:12.658096Z	error	klog	error creating error stream for port 20001 -> 20001: Timeout occurred
2024-10-25T14:05:12.658197Z	error	klog	error creating error stream for port 20001 -> 20001: Timeout occurred
2024-10-25T14:05:14.676642Z	error	klog	error creating error stream for port 20001 -> 20001: Timeout occurred
2024-10-25T14:05:14.677646Z	error	klog	error creating error stream for port 20001 -> 20001: Timeout occurred
2024-10-25T14:05:14.677921Z	error	klog	error creating error stream for port 20001 -> 20001: Timeout occurred
2024-10-25T14:05:34.681212Z	error	klog	error creating error stream for port 20001 -> 20001: Timeout occurred
2024-10-25T14:05:42.659421Z	error	klog	error creating error stream for port 20001 -> 20001: Timeout occurred
2024-10-25T14:05:45.669088Z	error	klog	error creating error stream for port 20001 -> 20001: Timeout occurred
2024-10-25T14:05:45.669228Z	error	klog	error creating error stream for port 20001 -> 20001: Timeout occurred
2024-10-25T14:05:45.669476Z	error	klog	error creating error stream for port 20001 -> 20001: Timeout occurred
2024-10-25T14:06:12.659484Z	error	klog	error creating error stream for port 20001 -> 20001: Timeout occurred
2024-10-25T14:06:12.659637Z	error	klog	error creating error stream for port 20001 -> 20001: Timeout occurred
2024-10-25T14:06:15.671285Z	error	klog	error creating error stream for port 20001 -> 20001: Timeout occurred
2024-10-25T14:06:15.671465Z	error	klog	error creating error stream for port 20001 -> 20001: Timeout occurred
2024-10-25T14:06:15.671911Z	error	klog	error creating error stream for port 20001 -> 20001: Timeout occurred
2024-10-25T14:06:35.674025Z	error	klog	error creating error stream for port 20001 -> 20001: Timeout occurred
2024-10-25T14:06:42.661299Z	error	klog	error creating error stream for port 20001 -> 20001: Timeout occurred
2024-10-25T14:06:46.672448Z	error	klog	error creating error stream for port 20001 -> 20001: Timeout occurred
2024-10-25T14:06:46.672672Z	error	klog	error creating error stream for port 20001 -> 20001: Timeout occurred
2024-10-25T14:06:46.672771Z	error	klog	error creating error stream for port 20001 -> 20001: Timeout occurred
2024-10-25T14:07:12.656839Z	error	klog	error creating error stream for port 20001 -> 20001: Timeout occurred
2024-10-25T14:07:12.657669Z	error	klog	error creating error stream for port 20001 -> 20001: Timeout occurred
2024-10-25T14:07:16.675137Z	error	klog	error creating error stream for port 20001 -> 20001: Timeout occurred
2024-10-25T14:07:16.675311Z	error	klog	error creating error stream for port 20001 -> 20001: Timeout occurred
2024-10-25T14:07:16.675419Z	error	klog	error creating error stream for port 20001 -> 20001: Timeout occurred
2024-10-25T14:07:36.676573Z	error	klog	error creating error stream for port 20001 -> 20001: Timeout occurred
2024-10-25T14:07:42.659618Z	error	klog	error creating error stream for port 20001 -> 20001: Timeout occurred
2024-10-25T14:07:47.674916Z	error	klog	error creating error stream for port 20001 -> 20001: Timeout occurred
2024-10-25T14:07:47.675106Z	error	klog	error creating error stream for port 20001 -> 20001: Timeout occurred
2024-10-25T14:07:47.675190Z	error	klog	error creating error stream for port 20001 -> 20001: Timeout occurred
2024-10-25T14:08:12.653103Z	error	klog	error creating error stream for port 20001 -> 20001: Timeout occurred
2024-10-25T14:08:12.653250Z	error	klog	error creating error stream for port 20001 -> 20001: Timeout occurred
2024-10-25T14:08:17.677394Z	error	klog	error creating error stream for port 20001 -> 20001: Timeout occurred
2024-10-25T14:08:17.677581Z	error	klog	error creating error stream for port 20001 -> 20001: Timeout occurred
2024-10-25T14:08:17.677773Z	error	klog	error creating error stream for port 20001 -> 20001: Timeout occurred
2024-10-25T14:08:37.679731Z	error	klog	error creating error stream for port 20001 -> 20001: Timeout occurred
2024-10-25T14:08:42.655192Z	error	klog	error creating error stream for port 20001 -> 20001: Timeout occurred
2024-10-25T14:08:48.676218Z	error	klog	error creating error stream for port 20001 -> 20001: Timeout occurred
2024-10-25T14:08:48.676486Z	error	klog	error creating error stream for port 20001 -> 20001: Timeout occurred
2024-10-25T14:08:48.676621Z	error	klog	error creating error stream for port 20001 -> 20001: Timeout occurred
2024-10-25T14:09:12.660087Z	error	klog	error creating error stream for port 20001 -> 20001: Timeout occurred
2024-10-25T14:09:12.660231Z	error	klog	error creating error stream for port 20001 -> 20001: Timeout occurred
2024-10-25T14:09:18.678384Z	error	klog	error creating error stream for port 20001 -> 20001: Timeout occurred
2024-10-25T14:09:18.678833Z	error	klog	error creating error stream for port 20001 -> 20001: Timeout occurred
2024-10-25T14:09:18.679337Z	error	klog	error creating error stream for port 20001 -> 20001: Timeout occurred
2024-10-25T14:09:38.684545Z	error	klog	error creating error stream for port 20001 -> 20001: Timeout occurred
2024-10-25T14:09:42.661615Z	error	klog	error creating error stream for port 20001 -> 20001: Timeout occurred
2024-10-25T14:09:49.677265Z	error	klog	error creating error stream for port 20001 -> 20001: Timeout occurred
2024-10-25T14:09:49.677393Z	error	klog	error creating error stream for port 20001 -> 20001: Timeout occurred
2024-10-25T14:09:49.677499Z	error	klog	error creating error stream for port 20001 -> 20001: Timeout occurred
2024-10-25T14:10:12.662635Z	error	klog	error creating error stream for port 20001 -> 20001: Timeout occurred
2024-10-25T14:10:12.662772Z	error	klog	error creating error stream for port 20001 -> 20001: Timeout occurred
2024-10-25T14:10:12.665386Z	error	klog	error creating error stream for port 20001 -> 20001: Timeout occurred
2024-10-25T14:10:19.680348Z	error	klog	error creating error stream for port 20001 -> 20001: Timeout occurred
2024-10-25T14:10:19.680480Z	error	klog	error creating error stream for port 20001 -> 20001: Timeout occurred
2024-10-25T14:10:19.680567Z	error	klog	error creating error stream for port 20001 -> 20001: Timeout occurred
2024-10-25T14:10:42.665136Z	error	klog	error creating error stream for port 20001 -> 20001: Timeout occurred
2024-10-25T14:10:42.665336Z	error	klog	error creating error stream for port 20001 -> 20001: Timeout occurred
2024-10-25T14:10:42.666353Z	error	klog	error creating error stream for port 20001 -> 20001: Timeout occurred
2024-10-25T14:10:49.683113Z	error	klog	error creating error stream for port 20001 -> 20001: Timeout occurred
2024-10-25T14:11:12.645732Z	error	klog	error creating error stream for port 20001 -> 20001: Timeout occurred
2024-10-25T14:11:12.651241Z	error	klog	error creating error stream for port 20001 -> 20001: Timeout occurred
2024-10-25T14:11:12.667194Z	error	klog	error creating error stream for port 20001 -> 20001: Timeout occurred
2024-10-25T14:11:12.667300Z	error	klog	error creating error stream for port 20001 -> 20001: Timeout occurred
2024-10-25T14:11:12.667392Z	error	klog	error creating error stream for port 20001 -> 20001: Timeout occurred
2024-10-25T14:11:32.651232Z	error	klog	error creating error stream for port 20001 -> 20001: Timeout occurred
2024-10-25T14:11:42.650358Z	error	klog	error creating error stream for port 20001 -> 20001: Timeout occurred
2024-10-25T14:11:43.654894Z	error	klog	error creating error stream for port 20001 -> 20001: Timeout occurred
2024-10-25T14:11:43.655104Z	error	klog	error creating error stream for port 20001 -> 20001: Timeout occurred
2024-10-25T14:11:43.655239Z	error	klog	error creating error stream for port 20001 -> 20001: Timeout occurred
2024-10-25T15:00:41.179389Z	error	klog	error creating error stream for port 20001 -> 20001: Timeout occurred
2024-10-25T15:00:41.181526Z	error	klog	error creating error stream for port 20001 -> 20001: Timeout occurred
2024-10-25T15:00:42.173962Z	error	klog	error creating error stream for port 20001 -> 20001: Timeout occurred
2024-10-25T15:00:42.178870Z	error	klog	error creating error stream for port 20001 -> 20001: Timeout occurred
2024-10-25T15:00:42.178898Z	error	klog	error creating error stream for port 20001 -> 20001: Timeout occurred
2024-10-25T15:00:42.917675Z	error	klog	error creating error stream for port 20001 -> 20001: Timeout occurred
2024-10-25T15:00:42.924572Z	error	klog	error creating error stream for port 20001 -> 20001: Timeout occurred
2024-10-25T15:33:39.537673Z	error	klog	error creating error stream for port 20001 -> 20001: Timeout occurred
2024-10-25T15:33:39.642158Z	error	klog	error creating error stream for port 20001 -> 20001: Timeout occurred
2024-10-25T15:33:39.643194Z	error	klog	error creating error stream for port 20001 -> 20001: Timeout occurred
2024-10-25T15:33:39.644305Z	error	klog	error creating error stream for port 20001 -> 20001: Timeout occurred
2024-10-25T15:33:39.644541Z	error	klog	error creating error stream for port 20001 -> 20001: Timeout occurred
2024-10-25T15:49:28.111938Z	error	klog	error creating error stream for port 20001 -> 20001: Timeout occurred
2024-10-25T15:49:38.171860Z	error	klog	error creating error stream for port 20001 -> 20001: Timeout occurred
2024-10-25T15:49:40.645910Z	error	klog	error creating error stream for port 20001 -> 20001: Timeout occurred
2024-10-25T15:49:40.646942Z	error	klog	error creating error stream for port 20001 -> 20001: Timeout occurred
2024-10-25T15:49:41.001195Z	error	klog	error creating error stream for port 20001 -> 20001: Timeout occurred
2024-10-25T16:00:36.589272Z	error	klog	error creating error stream for port 20001 -> 20001: Timeout occurred
2024-10-25T16:00:36.592439Z	error	klog	error creating error stream for port 20001 -> 20001: Timeout occurred
2024-10-25T16:00:39.219937Z	error	klog	error creating error stream for port 20001 -> 20001: Timeout occurred
2024-10-25T16:00:39.546754Z	error	klog	error creating error stream for port 20001 -> 20001: Timeout occurred
2024-10-25T16:00:39.547048Z	error	klog	error creating error stream for port 20001 -> 20001: Timeout occurred
2024-10-25T16:03:27.934487Z	error	klog	error creating error stream for port 20001 -> 20001: Timeout occurred
2024-10-25T16:03:34.978023Z	error	klog	error creating error stream for port 20001 -> 20001: Timeout occurred
2024-10-25T16:03:37.999848Z	error	klog	error creating error stream for port 20001 -> 20001: Timeout occurred
2024-10-25T16:03:38.000818Z	error	klog	error creating error stream for port 20001 -> 20001: Timeout occurred
2024-10-25T16:03:38.002035Z	error	klog	error creating error stream for port 20001 -> 20001: Timeout occurred
2024-10-25T16:04:04.960421Z	error	klog	error creating error stream for port 20001 -> 20001: Timeout occurred
2024-10-25T16:04:04.960540Z	error	klog	error creating error stream for port 20001 -> 20001: Timeout occurred
2024-10-25T16:04:08.003620Z	error	klog	error creating error stream for port 20001 -> 20001: Timeout occurred
2024-10-25T16:04:08.003812Z	error	klog	error creating error stream for port 20001 -> 20001: Timeout occurred
2024-10-25T16:04:08.004388Z	error	klog	error creating error stream for port 20001 -> 20001: Timeout occurred
2024-10-25T16:04:28.006429Z	error	klog	error creating error stream for port 20001 -> 20001: Timeout occurred
2024-10-25T16:04:34.962095Z	error	klog	error creating error stream for port 20001 -> 20001: Timeout occurred
2024-10-25T16:04:38.964576Z	error	klog	error creating error stream for port 20001 -> 20001: Timeout occurred
2024-10-25T16:04:38.964895Z	error	klog	error creating error stream for port 20001 -> 20001: Timeout occurred
2024-10-25T16:04:38.965074Z	error	klog	error creating error stream for port 20001 -> 20001: Timeout occurred
2024-10-25T16:05:04.953356Z	error	klog	error creating error stream for port 20001 -> 20001: Timeout occurred
2024-10-25T16:05:04.954505Z	error	klog	error creating error stream for port 20001 -> 20001: Timeout occurred
2024-10-25T16:05:08.967092Z	error	klog	error creating error stream for port 20001 -> 20001: Timeout occurred
2024-10-25T16:05:08.967212Z	error	klog	error creating error stream for port 20001 -> 20001: Timeout occurred
2024-10-25T16:05:08.967293Z	error	klog	error creating error stream for port 20001 -> 20001: Timeout occurred
2024-10-25T16:05:28.969594Z	error	klog	error creating error stream for port 20001 -> 20001: Timeout occurred
2024-10-25T16:05:34.955231Z	error	klog	error creating error stream for port 20001 -> 20001: Timeout occurred
2024-10-25T16:05:39.960818Z	error	klog	error creating error stream for port 20001 -> 20001: Timeout occurred
2024-10-25T16:05:39.961574Z	error	klog	error creating error stream for port 20001 -> 20001: Timeout occurred
2024-10-25T16:05:39.961678Z	error	klog	error creating error stream for port 20001 -> 20001: Timeout occurred
2024-10-25T16:06:04.957757Z	error	klog	error creating error stream for port 20001 -> 20001: Timeout occurred
2024-10-25T16:06:04.960100Z	error	klog	error creating error stream for port 20001 -> 20001: Timeout occurred
2024-10-25T16:06:09.963161Z	error	klog	error creating error stream for port 20001 -> 20001: Timeout occurred
2024-10-25T16:06:09.963617Z	error	klog	error creating error stream for port 20001 -> 20001: Timeout occurred
2024-10-25T16:06:09.963822Z	error	klog	error creating error stream for port 20001 -> 20001: Timeout occurred
2024-10-25T16:06:29.967058Z	error	klog	error creating error stream for port 20001 -> 20001: Timeout occurred
2024-10-25T16:06:34.960719Z	error	klog	error creating error stream for port 20001 -> 20001: Timeout occurred
2024-10-25T16:06:39.965931Z	error	klog	error creating error stream for port 20001 -> 20001: Timeout occurred
2024-10-25T16:06:39.966154Z	error	klog	error creating error stream for port 20001 -> 20001: Timeout occurred
2024-10-25T16:06:39.966282Z	error	klog	error creating error stream for port 20001 -> 20001: Timeout occurred
2024-10-25T16:06:59.967412Z	error	klog	error creating error stream for port 20001 -> 20001: Timeout occurred
2024-10-25T16:06:59.968541Z	error	klog	error creating error stream for port 20001 -> 20001: Timeout occurred
2024-10-25T16:07:04.962181Z	error	klog	error creating error stream for port 20001 -> 20001: Timeout occurred
2024-10-25T16:07:09.968821Z	error	klog	error creating error stream for port 20001 -> 20001: Timeout occurred
2024-10-25T16:07:09.969008Z	error	klog	error creating error stream for port 20001 -> 20001: Timeout occurred
2024-10-25T16:07:09.969170Z	error	klog	error creating error stream for port 20001 -> 20001: Timeout occurred
2024-10-25T16:07:29.968630Z	error	klog	error creating error stream for port 20001 -> 20001: Timeout occurred
2024-10-25T16:07:29.968777Z	error	klog	error creating error stream for port 20001 -> 20001: Timeout occurred
2024-10-25T16:07:34.973546Z	error	klog	error creating error stream for port 20001 -> 20001: Timeout occurred
2024-10-25T16:07:39.970371Z	error	klog	error creating error stream for port 20001 -> 20001: Timeout occurred
2024-10-25T16:07:39.971644Z	error	klog	error creating error stream for port 20001 -> 20001: Timeout occurred
2024-10-25T16:07:39.971813Z	error	klog	error creating error stream for port 20001 -> 20001: Timeout occurred
2024-10-25T16:07:59.969735Z	error	klog	error creating error stream for port 20001 -> 20001: Timeout occurred
2024-10-25T16:07:59.970773Z	error	klog	error creating error stream for port 20001 -> 20001: Timeout occurred
2024-10-25T16:08:04.974571Z	error	klog	error creating error stream for port 20001 -> 20001: Timeout occurred
2024-10-25T16:08:09.972596Z	error	klog	error creating error stream for port 20001 -> 20001: Timeout occurred
2024-10-25T16:08:09.973243Z	error	klog	error creating error stream for port 20001 -> 20001: Timeout occurred
2024-10-25T16:08:09.975954Z	error	klog	error creating error stream for port 20001 -> 20001: Timeout occurred
2024-10-25T16:08:29.972202Z	error	klog	error creating error stream for port 20001 -> 20001: Timeout occurred
2024-10-25T16:08:29.973241Z	error	klog	error creating error stream for port 20001 -> 20001: Timeout occurred
2024-10-25T16:08:34.991066Z	error	klog	error creating error stream for port 20001 -> 20001: Timeout occurred
2024-10-25T16:08:39.975253Z	error	klog	error creating error stream for port 20001 -> 20001: Timeout occurred
2024-10-25T16:08:39.975376Z	error	klog	error creating error stream for port 20001 -> 20001: Timeout occurred
2024-10-25T16:08:39.977121Z	error	klog	error creating error stream for port 20001 -> 20001: Timeout occurred
2024-10-25T16:08:59.974782Z	error	klog	error creating error stream for port 20001 -> 20001: Timeout occurred
2024-10-25T16:08:59.975947Z	error	klog	error creating error stream for port 20001 -> 20001: Timeout occurred
2024-10-25T16:09:04.992661Z	error	klog	error creating error stream for port 20001 -> 20001: Timeout occurred
2024-10-25T16:09:09.976442Z	error	klog	error creating error stream for port 20001 -> 20001: Timeout occurred
2024-10-25T16:09:09.976838Z	error	klog	error creating error stream for port 20001 -> 20001: Timeout occurred
2024-10-25T16:09:09.977578Z	error	klog	error creating error stream for port 20001 -> 20001: Timeout occurred
2024-10-25T16:09:29.976554Z	error	klog	error creating error stream for port 20001 -> 20001: Timeout occurred
2024-10-25T16:09:29.977679Z	error	klog	error creating error stream for port 20001 -> 20001: Timeout occurred
2024-10-25T16:09:34.995021Z	error	klog	error creating error stream for port 20001 -> 20001: Timeout occurred
2024-10-25T16:09:39.978025Z	error	klog	error creating error stream for port 20001 -> 20001: Timeout occurred
2024-10-25T16:09:39.979057Z	error	klog	error creating error stream for port 20001 -> 20001: Timeout occurred
2024-10-25T16:09:39.979167Z	error	klog	error creating error stream for port 20001 -> 20001: Timeout occurred
2024-10-25T16:09:59.978204Z	error	klog	error creating error stream for port 20001 -> 20001: Timeout occurred
2024-10-25T16:09:59.979119Z	error	klog	error creating error stream for port 20001 -> 20001: Timeout occurred
2024-10-25T16:10:04.997650Z	error	klog	error creating error stream for port 20001 -> 20001: Timeout occurred
2024-10-25T16:10:09.979771Z	error	klog	error creating error stream for port 20001 -> 20001: Timeout occurred
2024-10-25T16:10:09.982916Z	error	klog	error creating error stream for port 20001 -> 20001: Timeout occurred
2024-10-25T16:10:09.982978Z	error	klog	error creating error stream for port 20001 -> 20001: Timeout occurred
2024-10-25T16:10:29.979611Z	error	klog	error creating error stream for port 20001 -> 20001: Timeout occurred
2024-10-25T16:10:29.979921Z	error	klog	error creating error stream for port 20001 -> 20001: Timeout occurred
2024-10-25T16:10:35.012918Z	error	klog	error creating error stream for port 20001 -> 20001: Timeout occurred
2024-10-25T16:10:39.984032Z	error	klog	error creating error stream for port 20001 -> 20001: Timeout occurred
2024-10-25T16:10:39.985689Z	error	klog	error creating error stream for port 20001 -> 20001: Timeout occurred
2024-10-25T16:10:39.985724Z	error	klog	error creating error stream for port 20001 -> 20001: Timeout occurred
2024-10-25T16:10:59.980838Z	error	klog	error creating error stream for port 20001 -> 20001: Timeout occurred
2024-10-25T16:11:04.944821Z	error	klog	error creating error stream for port 20001 -> 20001: Timeout occurred
2024-10-25T16:11:05.014138Z	error	klog	error creating error stream for port 20001 -> 20001: Timeout occurred
2024-10-25T16:11:09.986846Z	error	klog	error creating error stream for port 20001 -> 20001: Timeout occurred
2024-10-25T16:11:09.987161Z	error	klog	error creating error stream for port 20001 -> 20001: Timeout occurred
2024-10-25T16:11:09.987188Z	error	klog	error creating error stream for port 20001 -> 20001: Timeout occurred
2024-10-25T16:11:29.982574Z	error	klog	error creating error stream for port 20001 -> 20001: Timeout occurred
2024-10-25T16:11:34.952285Z	error	klog	error creating error stream for port 20001 -> 20001: Timeout occurred
2024-10-25T16:11:40.954852Z	error	klog	error creating error stream for port 20001 -> 20001: Timeout occurred
2024-10-25T16:11:40.955200Z	error	klog	error creating error stream for port 20001 -> 20001: Timeout occurred
2024-10-25T16:11:40.955867Z	error	klog	error creating error stream for port 20001 -> 20001: Timeout occurred
2024-10-25T16:12:04.942439Z	error	klog	error creating error stream for port 20001 -> 20001: Timeout occurred
2024-10-25T16:12:04.943100Z	error	klog	error creating error stream for port 20001 -> 20001: Timeout occurred
2024-10-25T16:12:10.955498Z	error	klog	error creating error stream for port 20001 -> 20001: Timeout occurred
2024-10-25T16:12:10.956559Z	error	klog	error creating error stream for port 20001 -> 20001: Timeout occurred
2024-10-25T16:12:10.956853Z	error	klog	error creating error stream for port 20001 -> 20001: Timeout occurred
2024-10-25T16:12:30.960767Z	error	klog	error creating error stream for port 20001 -> 20001: Timeout occurred
2024-10-25T16:12:34.947874Z	error	klog	error creating error stream for port 20001 -> 20001: Timeout occurred
2024-10-25T16:12:41.948628Z	error	klog	error creating error stream for port 20001 -> 20001: Timeout occurred
2024-10-25T16:12:41.949526Z	error	klog	error creating error stream for port 20001 -> 20001: Timeout occurred
2024-10-25T16:12:41.949599Z	error	klog	error creating error stream for port 20001 -> 20001: Timeout occurred
2024-10-25T16:13:04.948186Z	error	klog	error creating error stream for port 20001 -> 20001: Timeout occurred
2024-10-25T16:13:04.948260Z	error	klog	error creating error stream for port 20001 -> 20001: Timeout occurred
2024-10-25T16:13:04.960136Z	error	klog	error creating error stream for port 20001 -> 20001: Timeout occurred
2024-10-25T16:13:11.950952Z	error	klog	error creating error stream for port 20001 -> 20001: Timeout occurred
2024-10-25T16:13:11.951036Z	error	klog	error creating error stream for port 20001 -> 20001: Timeout occurred
2024-10-25T16:13:11.951169Z	error	klog	error creating error stream for port 20001 -> 20001: Timeout occurred
2024-10-25T16:13:34.948984Z	error	klog	error creating error stream for port 20001 -> 20001: Timeout occurred
2024-10-25T16:13:34.949443Z	error	klog	error creating error stream for port 20001 -> 20001: Timeout occurred
2024-10-25T16:13:34.960859Z	error	klog	error creating error stream for port 20001 -> 20001: Timeout occurred
2024-10-25T16:13:41.951961Z	error	klog	error creating error stream for port 20001 -> 20001: Timeout occurred
2024-10-25T16:14:04.942816Z	error	klog	error creating error stream for port 20001 -> 20001: Timeout occurred
2024-10-25T16:14:04.942992Z	error	klog	error creating error stream for port 20001 -> 20001: Timeout occurred
2024-10-25T16:14:04.949703Z	error	klog	error creating error stream for port 20001 -> 20001: Timeout occurred
2024-10-25T16:14:04.950259Z	error	klog	error creating error stream for port 20001 -> 20001: Timeout occurred
2024-10-25T16:14:04.961424Z	error	klog	error creating error stream for port 20001 -> 20001: Timeout occurred
2024-10-25T16:14:24.944919Z	error	klog	error creating error stream for port 20001 -> 20001: Timeout occurred
2024-10-25T16:14:34.944396Z	error	klog	error creating error stream for port 20001 -> 20001: Timeout occurred
2024-10-25T16:14:35.949731Z	error	klog	error creating error stream for port 20001 -> 20001: Timeout occurred
2024-10-25T16:14:35.949842Z	error	klog	error creating error stream for port 20001 -> 20001: Timeout occurred
2024-10-25T16:14:35.949925Z	error	klog	error creating error stream for port 20001 -> 20001: Timeout occurred
2024-10-25T16:15:04.942094Z	error	klog	error creating error stream for port 20001 -> 20001: Timeout occurred
2024-10-25T16:15:04.942276Z	error	klog	error creating error stream for port 20001 -> 20001: Timeout occurred
2024-10-25T16:15:05.951265Z	error	klog	error creating error stream for port 20001 -> 20001: Timeout occurred
2024-10-25T16:15:05.951405Z	error	klog	error creating error stream for port 20001 -> 20001: Timeout occurred
2024-10-25T16:15:05.951816Z	error	klog	error creating error stream for port 20001 -> 20001: Timeout occurred
2024-10-25T16:15:25.952310Z	error	klog	error creating error stream for port 20001 -> 20001: Timeout occurred
2024-10-25T16:15:34.948035Z	error	klog	error creating error stream for port 20001 -> 20001: Timeout occurred
2024-10-25T16:15:36.964031Z	error	klog	error creating error stream for port 20001 -> 20001: Timeout occurred
2024-10-25T16:15:36.964153Z	error	klog	error creating error stream for port 20001 -> 20001: Timeout occurred
2024-10-25T16:15:36.964215Z	error	klog	error creating error stream for port 20001 -> 20001: Timeout occurred
2024-10-25T16:16:04.953202Z	error	klog	error creating error stream for port 20001 -> 20001: Timeout occurred
2024-10-25T16:16:04.953891Z	error	klog	error creating error stream for port 20001 -> 20001: Timeout occurred
2024-10-25T16:16:06.965761Z	error	klog	error creating error stream for port 20001 -> 20001: Timeout occurred
2024-10-25T16:16:06.965885Z	error	klog	error creating error stream for port 20001 -> 20001: Timeout occurred
2024-10-25T16:16:06.966045Z	error	klog	error creating error stream for port 20001 -> 20001: Timeout occurred
2024-10-25T16:16:26.967367Z	error	klog	error creating error stream for port 20001 -> 20001: Timeout occurred
2024-10-25T16:16:34.954588Z	error	klog	error creating error stream for port 20001 -> 20001: Timeout occurred
2024-10-25T16:16:37.949328Z	error	klog	error creating error stream for port 20001 -> 20001: Timeout occurred
2024-10-25T16:16:37.949458Z	error	klog	error creating error stream for port 20001 -> 20001: Timeout occurred
2024-10-25T16:16:37.949540Z	error	klog	error creating error stream for port 20001 -> 20001: Timeout occurred
2024-10-25T16:17:04.939751Z	error	klog	error creating error stream for port 20001 -> 20001: Timeout occurred
2024-10-25T16:17:04.945291Z	error	klog	error creating error stream for port 20001 -> 20001: Timeout occurred
2024-10-25T16:17:07.951082Z	error	klog	error creating error stream for port 20001 -> 20001: Timeout occurred
2024-10-25T16:17:07.951163Z	error	klog	error creating error stream for port 20001 -> 20001: Timeout occurred
2024-10-25T16:17:07.951277Z	error	klog	error creating error stream for port 20001 -> 20001: Timeout occurred
2024-10-25T16:17:27.951345Z	error	klog	error creating error stream for port 20001 -> 20001: Timeout occurred
2024-10-25T16:17:34.958940Z	error	klog	error creating error stream for port 20001 -> 20001: Timeout occurred
2024-10-25T16:17:38.961937Z	error	klog	error creating error stream for port 20001 -> 20001: Timeout occurred
2024-10-25T16:17:38.962040Z	error	klog	error creating error stream for port 20001 -> 20001: Timeout occurred
2024-10-25T16:17:38.962226Z	error	klog	error creating error stream for port 20001 -> 20001: Timeout occurred
2024-10-25T16:18:04.959612Z	error	klog	error creating error stream for port 20001 -> 20001: Timeout occurred
2024-10-25T16:18:04.960306Z	error	klog	error creating error stream for port 20001 -> 20001: Timeout occurred
2024-10-25T16:18:08.962875Z	error	klog	error creating error stream for port 20001 -> 20001: Timeout occurred
2024-10-25T16:18:08.963334Z	error	klog	error creating error stream for port 20001 -> 20001: Timeout occurred
2024-10-25T16:18:08.963577Z	error	klog	error creating error stream for port 20001 -> 20001: Timeout occurred
2024-10-25T16:18:28.967295Z	error	klog	error creating error stream for port 20001 -> 20001: Timeout occurred
2024-10-25T16:18:34.960821Z	error	klog	error creating error stream for port 20001 -> 20001: Timeout occurred
2024-10-25T16:18:39.946501Z	error	klog	error creating error stream for port 20001 -> 20001: Timeout occurred
2024-10-25T16:18:39.946683Z	error	klog	error creating error stream for port 20001 -> 20001: Timeout occurred
2024-10-25T16:18:39.946774Z	error	klog	error creating error stream for port 20001 -> 20001: Timeout occurred
2024-10-25T16:19:04.937497Z	error	klog	error creating error stream for port 20001 -> 20001: Timeout occurred
2024-10-25T16:19:04.937749Z	error	klog	error creating error stream for port 20001 -> 20001: Timeout occurred
2024-10-25T16:19:09.947868Z	error	klog	error creating error stream for port 20001 -> 20001: Timeout occurred
2024-10-25T16:19:09.948218Z	error	klog	error creating error stream for port 20001 -> 20001: Timeout occurred
2024-10-25T16:19:09.948714Z	error	klog	error creating error stream for port 20001 -> 20001: Timeout occurred
2024-10-25T16:19:29.950514Z	error	klog	error creating error stream for port 20001 -> 20001: Timeout occurred
2024-10-25T16:19:34.938101Z	error	klog	error creating error stream for port 20001 -> 20001: Timeout occurred
2024-10-25T16:19:40.942393Z	error	klog	error creating error stream for port 20001 -> 20001: Timeout occurred
2024-10-25T16:19:40.942492Z	error	klog	error creating error stream for port 20001 -> 20001: Timeout occurred
2024-10-25T16:19:40.942555Z	error	klog	error creating error stream for port 20001 -> 20001: Timeout occurred
2024-10-25T16:20:04.936320Z	error	klog	error creating error stream for port 20001 -> 20001: Timeout occurred
2024-10-25T16:20:04.936476Z	error	klog	error creating error stream for port 20001 -> 20001: Timeout occurred
2024-10-25T16:20:10.943185Z	error	klog	error creating error stream for port 20001 -> 20001: Timeout occurred
2024-10-25T16:20:10.944161Z	error	klog	error creating error stream for port 20001 -> 20001: Timeout occurred
2024-10-25T16:20:10.944392Z	error	klog	error creating error stream for port 20001 -> 20001: Timeout occurred
2024-10-25T16:20:30.944713Z	error	klog	error creating error stream for port 20001 -> 20001: Timeout occurred
2024-10-25T16:20:34.936972Z	error	klog	error creating error stream for port 20001 -> 20001: Timeout occurred
2024-10-25T16:20:41.957294Z	error	klog	error creating error stream for port 20001 -> 20001: Timeout occurred
2024-10-25T16:20:41.957439Z	error	klog	error creating error stream for port 20001 -> 20001: Timeout occurred
2024-10-25T16:20:41.957521Z	error	klog	error creating error stream for port 20001 -> 20001: Timeout occurred
2024-10-25T16:21:04.947203Z	error	klog	error creating error stream for port 20001 -> 20001: Timeout occurred
2024-10-25T16:21:04.947383Z	error	klog	error creating error stream for port 20001 -> 20001: Timeout occurred
2024-10-25T16:21:04.956482Z	error	klog	error creating error stream for port 20001 -> 20001: Timeout occurred
2024-10-25T16:21:11.959025Z	error	klog	error creating error stream for port 20001 -> 20001: Timeout occurred
2024-10-25T16:21:11.959128Z	error	klog	error creating error stream for port 20001 -> 20001: Timeout occurred
2024-10-25T16:21:11.959663Z	error	klog	error creating error stream for port 20001 -> 20001: Timeout occurred
2024-10-25T16:21:34.948493Z	error	klog	error creating error stream for port 20001 -> 20001: Timeout occurred
2024-10-25T16:21:34.949084Z	error	klog	error creating error stream for port 20001 -> 20001: Timeout occurred
2024-10-25T16:21:34.957586Z	error	klog	error creating error stream for port 20001 -> 20001: Timeout occurred
2024-10-25T16:21:41.959982Z	error	klog	error creating error stream for port 20001 -> 20001: Timeout occurred
2024-10-25T16:22:04.938633Z	error	klog	error creating error stream for port 20001 -> 20001: Timeout occurred
2024-10-25T16:22:04.955629Z	error	klog	error creating error stream for port 20001 -> 20001: Timeout occurred
2024-10-25T16:22:04.955695Z	error	klog	error creating error stream for port 20001 -> 20001: Timeout occurred
2024-10-25T16:22:04.955719Z	error	klog	error creating error stream for port 20001 -> 20001: Timeout occurred
2024-10-25T16:22:04.957800Z	error	klog	error creating error stream for port 20001 -> 20001: Timeout occurred
2024-10-25T16:22:24.936498Z	error	klog	error creating error stream for port 20001 -> 20001: Timeout occurred
2024-10-25T16:22:34.956371Z	error	klog	error creating error stream for port 20001 -> 20001: Timeout occurred
2024-10-25T16:22:35.957082Z	error	klog	error creating error stream for port 20001 -> 20001: Timeout occurred
2024-10-25T16:22:35.957194Z	error	klog	error creating error stream for port 20001 -> 20001: Timeout occurred
2024-10-25T16:22:35.957271Z	error	klog	error creating error stream for port 20001 -> 20001: Timeout occurred
2024-10-25T16:23:04.945925Z	error	klog	error creating error stream for port 20001 -> 20001: Timeout occurred
2024-10-25T16:23:04.947076Z	error	klog	error creating error stream for port 20001 -> 20001: Timeout occurred
2024-10-25T16:23:05.958401Z	error	klog	error creating error stream for port 20001 -> 20001: Timeout occurred
2024-10-25T16:23:05.958958Z	error	klog	error creating error stream for port 20001 -> 20001: Timeout occurred
2024-10-25T16:23:05.959510Z	error	klog	error creating error stream for port 20001 -> 20001: Timeout occurred
2024-10-25T16:23:25.961845Z	error	klog	error creating error stream for port 20001 -> 20001: Timeout occurred
2024-10-25T16:23:34.947869Z	error	klog	error creating error stream for port 20001 -> 20001: Timeout occurred
2024-10-25T16:23:36.940776Z	error	klog	error creating error stream for port 20001 -> 20001: Timeout occurred
2024-10-25T16:23:36.971605Z	error	klog	error creating error stream for port 20001 -> 20001: Timeout occurred
2024-10-25T16:23:36.978874Z	error	klog	error creating error stream for port 20001 -> 20001: Timeout occurred
2024-10-25T16:24:04.938631Z	error	klog	error creating error stream for port 20001 -> 20001: Timeout occurred
2024-10-25T16:24:04.939854Z	error	klog	error creating error stream for port 20001 -> 20001: Timeout occurred
2024-10-25T16:24:06.974549Z	error	klog	error creating error stream for port 20001 -> 20001: Timeout occurred
2024-10-25T16:24:06.979943Z	error	klog	error creating error stream for port 20001 -> 20001: Timeout occurred
2024-10-25T16:24:06.980076Z	error	klog	error creating error stream for port 20001 -> 20001: Timeout occurred
2024-10-25T16:24:26.967253Z	error	klog	error creating error stream for port 20001 -> 20001: Timeout occurred
2024-10-25T16:24:34.941707Z	error	klog	error creating error stream for port 20001 -> 20001: Timeout occurred
2024-10-25T16:24:37.939749Z	error	klog	error creating error stream for port 20001 -> 20001: Timeout occurred
2024-10-25T16:24:37.939932Z	error	klog	error creating error stream for port 20001 -> 20001: Timeout occurred
2024-10-25T16:24:37.940048Z	error	klog	error creating error stream for port 20001 -> 20001: Timeout occurred
2024-10-25T16:25:04.930674Z	error	klog	error creating error stream for port 20001 -> 20001: Timeout occurred
2024-10-25T16:25:04.930754Z	error	klog	error creating error stream for port 20001 -> 20001: Timeout occurred
2024-10-25T16:25:07.941369Z	error	klog	error creating error stream for port 20001 -> 20001: Timeout occurred
2024-10-25T16:25:07.941636Z	error	klog	error creating error stream for port 20001 -> 20001: Timeout occurred
2024-10-25T16:25:07.942072Z	error	klog	error creating error stream for port 20001 -> 20001: Timeout occurred
2024-10-25T16:25:27.944091Z	error	klog	error creating error stream for port 20001 -> 20001: Timeout occurred
2024-10-25T16:25:34.939429Z	error	klog	error creating error stream for port 20001 -> 20001: Timeout occurred
2024-10-25T16:25:38.938612Z	error	klog	error creating error stream for port 20001 -> 20001: Timeout occurred
2024-10-25T16:25:38.938763Z	error	klog	error creating error stream for port 20001 -> 20001: Timeout occurred
2024-10-25T16:25:38.938843Z	error	klog	error creating error stream for port 20001 -> 20001: Timeout occurred
2024-10-25T16:26:04.931288Z	error	klog	error creating error stream for port 20001 -> 20001: Timeout occurred
2024-10-25T16:26:04.939606Z	error	klog	error creating error stream for port 20001 -> 20001: Timeout occurred
2024-10-25T16:26:08.939370Z	error	klog	error creating error stream for port 20001 -> 20001: Timeout occurred
2024-10-25T16:26:08.940159Z	error	klog	error creating error stream for port 20001 -> 20001: Timeout occurred
2024-10-25T16:26:08.940440Z	error	klog	error creating error stream for port 20001 -> 20001: Timeout occurred
2024-10-25T16:26:28.943494Z	error	klog	error creating error stream for port 20001 -> 20001: Timeout occurred
2024-10-25T16:26:34.939616Z	error	klog	error creating error stream for port 20001 -> 20001: Timeout occurred
2024-10-25T16:26:39.952523Z	error	klog	error creating error stream for port 20001 -> 20001: Timeout occurred
2024-10-25T16:26:39.953347Z	error	klog	error creating error stream for port 20001 -> 20001: Timeout occurred
2024-10-25T16:26:39.953583Z	error	klog	error creating error stream for port 20001 -> 20001: Timeout occurred
2024-10-25T16:27:04.941177Z	error	klog	error creating error stream for port 20001 -> 20001: Timeout occurred
2024-10-25T16:27:04.941308Z	error	klog	error creating error stream for port 20001 -> 20001: Timeout occurred
2024-10-25T16:27:09.955076Z	error	klog	error creating error stream for port 20001 -> 20001: Timeout occurred
2024-10-25T16:27:09.955149Z	error	klog	error creating error stream for port 20001 -> 20001: Timeout occurred
2024-10-25T16:27:09.955225Z	error	klog	error creating error stream for port 20001 -> 20001: Timeout occurred
2024-10-25T16:27:29.957050Z	error	klog	error creating error stream for port 20001 -> 20001: Timeout occurred
2024-10-25T16:27:34.942368Z	error	klog	error creating error stream for port 20001 -> 20001: Timeout occurred
2024-10-25T16:27:40.952527Z	error	klog	error creating error stream for port 20001 -> 20001: Timeout occurred
2024-10-25T16:27:40.952625Z	error	klog	error creating error stream for port 20001 -> 20001: Timeout occurred
2024-10-25T16:27:40.952662Z	error	klog	error creating error stream for port 20001 -> 20001: Timeout occurred
2024-10-25T16:28:04.939715Z	error	klog	error creating error stream for port 20001 -> 20001: Timeout occurred
2024-10-25T16:28:04.939960Z	error	klog	error creating error stream for port 20001 -> 20001: Timeout occurred
2024-10-25T16:28:10.954139Z	error	klog	error creating error stream for port 20001 -> 20001: Timeout occurred
2024-10-25T16:28:10.954226Z	error	klog	error creating error stream for port 20001 -> 20001: Timeout occurred
2024-10-25T16:28:10.954301Z	error	klog	error creating error stream for port 20001 -> 20001: Timeout occurred
2024-10-25T16:28:30.955091Z	error	klog	error creating error stream for port 20001 -> 20001: Timeout occurred
2024-10-25T16:28:34.941048Z	error	klog	error creating error stream for port 20001 -> 20001: Timeout occurred
2024-10-25T16:28:41.949448Z	error	klog	error creating error stream for port 20001 -> 20001: Timeout occurred
2024-10-25T16:28:41.949859Z	error	klog	error creating error stream for port 20001 -> 20001: Timeout occurred
2024-10-25T16:28:41.949938Z	error	klog	error creating error stream for port 20001 -> 20001: Timeout occurred
2024-10-25T16:29:04.929897Z	error	klog	error creating error stream for port 20001 -> 20001: Timeout occurred
2024-10-25T16:29:04.930023Z	error	klog	error creating error stream for port 20001 -> 20001: Timeout occurred
2024-10-25T16:29:04.954946Z	error	klog	error creating error stream for port 20001 -> 20001: Timeout occurred
2024-10-25T16:29:11.950733Z	error	klog	error creating error stream for port 20001 -> 20001: Timeout occurred
2024-10-25T16:29:11.951637Z	error	klog	error creating error stream for port 20001 -> 20001: Timeout occurred
2024-10-25T16:29:11.952028Z	error	klog	error creating error stream for port 20001 -> 20001: Timeout occurred
2024-10-25T16:29:34.931085Z	error	klog	error creating error stream for port 20001 -> 20001: Timeout occurred
2024-10-25T16:29:34.931409Z	error	klog	error creating error stream for port 20001 -> 20001: Timeout occurred
2024-10-25T16:29:34.956045Z	error	klog	error creating error stream for port 20001 -> 20001: Timeout occurred
2024-10-25T16:29:41.952733Z	error	klog	error creating error stream for port 20001 -> 20001: Timeout occurred
2024-10-25T16:30:04.924751Z	error	klog	error creating error stream for port 20001 -> 20001: Timeout occurred
2024-10-25T16:30:04.924842Z	error	klog	error creating error stream for port 20001 -> 20001: Timeout occurred
2024-10-25T16:30:04.931895Z	error	klog	error creating error stream for port 20001 -> 20001: Timeout occurred
2024-10-25T16:30:04.932600Z	error	klog	error creating error stream for port 20001 -> 20001: Timeout occurred
2024-10-25T16:30:04.957688Z	error	klog	error creating error stream for port 20001 -> 20001: Timeout occurred
2024-10-25T16:30:24.927017Z	error	klog	error creating error stream for port 20001 -> 20001: Timeout occurred
2024-10-25T16:30:34.926268Z	error	klog	error creating error stream for port 20001 -> 20001: Timeout occurred
2024-10-25T16:30:35.949638Z	error	klog	error creating error stream for port 20001 -> 20001: Timeout occurred
2024-10-25T16:30:35.949749Z	error	klog	error creating error stream for port 20001 -> 20001: Timeout occurred
2024-10-25T16:30:35.949839Z	error	klog	error creating error stream for port 20001 -> 20001: Timeout occurred
2024-10-25T16:31:04.936150Z	error	klog	error creating error stream for port 20001 -> 20001: Timeout occurred
2024-10-25T16:31:04.936386Z	error	klog	error creating error stream for port 20001 -> 20001: Timeout occurred
2024-10-25T16:31:05.951518Z	error	klog	error creating error stream for port 20001 -> 20001: Timeout occurred
2024-10-25T16:31:05.951595Z	error	klog	error creating error stream for port 20001 -> 20001: Timeout occurred
2024-10-25T16:31:05.951853Z	error	klog	error creating error stream for port 20001 -> 20001: Timeout occurred
2024-10-25T16:31:25.952358Z	error	klog	error creating error stream for port 20001 -> 20001: Timeout occurred
2024-10-25T16:31:34.937495Z	error	klog	error creating error stream for port 20001 -> 20001: Timeout occurred
2024-10-25T16:31:36.953051Z	error	klog	error creating error stream for port 20001 -> 20001: Timeout occurred
2024-10-25T16:31:36.953184Z	error	klog	error creating error stream for port 20001 -> 20001: Timeout occurred
2024-10-25T16:31:36.953253Z	error	klog	error creating error stream for port 20001 -> 20001: Timeout occurred
2024-10-25T16:32:04.938286Z	error	klog	error creating error stream for port 20001 -> 20001: Timeout occurred
2024-10-25T16:32:04.938421Z	error	klog	error creating error stream for port 20001 -> 20001: Timeout occurred
2024-10-25T16:32:06.954772Z	error	klog	error creating error stream for port 20001 -> 20001: Timeout occurred
2024-10-25T16:32:06.954840Z	error	klog	error creating error stream for port 20001 -> 20001: Timeout occurred
2024-10-25T16:32:06.955065Z	error	klog	error creating error stream for port 20001 -> 20001: Timeout occurred
2024-10-25T16:32:26.956099Z	error	klog	error creating error stream for port 20001 -> 20001: Timeout occurred
2024-10-25T16:32:34.939464Z	error	klog	error creating error stream for port 20001 -> 20001: Timeout occurred
2024-10-25T16:32:37.955146Z	error	klog	error creating error stream for port 20001 -> 20001: Timeout occurred
2024-10-25T16:32:37.955291Z	error	klog	error creating error stream for port 20001 -> 20001: Timeout occurred
2024-10-25T16:32:37.955349Z	error	klog	error creating error stream for port 20001 -> 20001: Timeout occurred
2024-10-25T16:33:04.934707Z	error	klog	error creating error stream for port 20001 -> 20001: Timeout occurred
2024-10-25T16:33:04.934844Z	error	klog	error creating error stream for port 20001 -> 20001: Timeout occurred
2024-10-25T16:33:07.957239Z	error	klog	error creating error stream for port 20001 -> 20001: Timeout occurred
2024-10-25T16:33:07.957380Z	error	klog	error creating error stream for port 20001 -> 20001: Timeout occurred
2024-10-25T16:33:07.957494Z	error	klog	error creating error stream for port 20001 -> 20001: Timeout occurred
2024-10-25T16:33:27.960329Z	error	klog	error creating error stream for port 20001 -> 20001: Timeout occurred
2024-10-25T16:33:34.936524Z	error	klog	error creating error stream for port 20001 -> 20001: Timeout occurred
2024-10-25T16:33:38.953602Z	error	klog	error creating error stream for port 20001 -> 20001: Timeout occurred
2024-10-25T16:33:38.953717Z	error	klog	error creating error stream for port 20001 -> 20001: Timeout occurred
2024-10-25T16:33:38.953783Z	error	klog	error creating error stream for port 20001 -> 20001: Timeout occurred
2024-10-25T16:34:04.937539Z	error	klog	error creating error stream for port 20001 -> 20001: Timeout occurred
2024-10-25T16:34:04.937662Z	error	klog	error creating error stream for port 20001 -> 20001: Timeout occurred
2024-10-25T16:34:08.956604Z	error	klog	error creating error stream for port 20001 -> 20001: Timeout occurred
2024-10-25T16:34:08.956707Z	error	klog	error creating error stream for port 20001 -> 20001: Timeout occurred
2024-10-25T16:34:08.956790Z	error	klog	error creating error stream for port 20001 -> 20001: Timeout occurred
2024-10-25T16:34:28.959901Z	error	klog	error creating error stream for port 20001 -> 20001: Timeout occurred
2024-10-25T16:34:34.940020Z	error	klog	error creating error stream for port 20001 -> 20001: Timeout occurred
2024-10-25T16:34:39.957250Z	error	klog	error creating error stream for port 20001 -> 20001: Timeout occurred
2024-10-25T16:34:39.957402Z	error	klog	error creating error stream for port 20001 -> 20001: Timeout occurred
2024-10-25T16:34:39.957484Z	error	klog	error creating error stream for port 20001 -> 20001: Timeout occurred
2024-10-25T16:35:04.929829Z	error	klog	error creating error stream for port 20001 -> 20001: Timeout occurred
2024-10-25T16:35:04.929935Z	error	klog	error creating error stream for port 20001 -> 20001: Timeout occurred
2024-10-25T16:35:09.959087Z	error	klog	error creating error stream for port 20001 -> 20001: Timeout occurred
2024-10-25T16:35:09.959305Z	error	klog	error creating error stream for port 20001 -> 20001: Timeout occurred
2024-10-25T16:35:09.959957Z	error	klog	error creating error stream for port 20001 -> 20001: Timeout occurred
2024-10-25T16:35:29.958975Z	error	klog	error creating error stream for port 20001 -> 20001: Timeout occurred
2024-10-25T16:35:34.931027Z	error	klog	error creating error stream for port 20001 -> 20001: Timeout occurred
2024-10-25T16:35:40.951361Z	error	klog	error creating error stream for port 20001 -> 20001: Timeout occurred
2024-10-25T16:35:40.951453Z	error	klog	error creating error stream for port 20001 -> 20001: Timeout occurred
2024-10-25T16:35:40.951531Z	error	klog	error creating error stream for port 20001 -> 20001: Timeout occurred
2024-10-25T16:36:04.935254Z	error	klog	error creating error stream for port 20001 -> 20001: Timeout occurred
2024-10-25T16:36:04.936002Z	error	klog	error creating error stream for port 20001 -> 20001: Timeout occurred
2024-10-25T16:36:10.952335Z	error	klog	error creating error stream for port 20001 -> 20001: Timeout occurred
2024-10-25T16:36:10.953352Z	error	klog	error creating error stream for port 20001 -> 20001: Timeout occurred
2024-10-25T16:36:10.953508Z	error	klog	error creating error stream for port 20001 -> 20001: Timeout occurred
2024-10-25T16:36:30.960614Z	error	klog	error creating error stream for port 20001 -> 20001: Timeout occurred
2024-10-25T16:36:34.937088Z	error	klog	error creating error stream for port 20001 -> 20001: Timeout occurred
2024-10-25T16:36:41.954565Z	error	klog	error creating error stream for port 20001 -> 20001: Timeout occurred
2024-10-25T16:36:41.954675Z	error	klog	error creating error stream for port 20001 -> 20001: Timeout occurred
2024-10-25T16:36:41.954750Z	error	klog	error creating error stream for port 20001 -> 20001: Timeout occurred
2024-10-25T16:37:04.925563Z	error	klog	error creating error stream for port 20001 -> 20001: Timeout occurred
2024-10-25T16:37:04.925873Z	error	klog	error creating error stream for port 20001 -> 20001: Timeout occurred
2024-10-25T16:37:04.951137Z	error	klog	error creating error stream for port 20001 -> 20001: Timeout occurred
2024-10-25T16:37:11.956908Z	error	klog	error creating error stream for port 20001 -> 20001: Timeout occurred
2024-10-25T16:37:11.957090Z	error	klog	error creating error stream for port 20001 -> 20001: Timeout occurred
2024-10-25T16:37:11.957179Z	error	klog	error creating error stream for port 20001 -> 20001: Timeout occurred
2024-10-25T16:37:34.926745Z	error	klog	error creating error stream for port 20001 -> 20001: Timeout occurred
2024-10-25T16:37:34.927369Z	error	klog	error creating error stream for port 20001 -> 20001: Timeout occurred
2024-10-25T16:37:34.952535Z	error	klog	error creating error stream for port 20001 -> 20001: Timeout occurred
2024-10-25T16:37:41.959490Z	error	klog	error creating error stream for port 20001 -> 20001: Timeout occurred
2024-10-25T16:37:42.952070Z	error	klog	error creating error stream for port 20001 -> 20001: Timeout occurred
2024-10-25T16:38:02.952236Z	error	klog	error creating error stream for port 20001 -> 20001: Timeout occurred
2024-10-25T16:38:04.928570Z	error	klog	error creating error stream for port 20001 -> 20001: Timeout occurred
2024-10-25T16:38:04.928694Z	error	klog	error creating error stream for port 20001 -> 20001: Timeout occurred
2024-10-25T16:38:04.953457Z	error	klog	error creating error stream for port 20001 -> 20001: Timeout occurred
2024-10-25T16:38:11.960871Z	error	klog	error creating error stream for port 20001 -> 20001: Timeout occurred
2024-10-25T16:38:12.952485Z	error	klog	error creating error stream for port 20001 -> 20001: Timeout occurred
2024-10-25T16:38:38.829311Z	error	klog	error creating error stream for port 20001 -> 20001: Timeout occurred
2024-10-25T16:38:40.804550Z	error	klog	error creating error stream for port 20001 -> 20001: Timeout occurred
2024-10-25T16:38:40.805280Z	error	klog	error creating error stream for port 20001 -> 20001: Timeout occurred
2024-10-25T16:38:40.829639Z	error	klog	error creating error stream for port 20001 -> 20001: Timeout occurred
2024-10-25T16:38:44.787675Z	error	klog	error creating error stream for port 20001 -> 20001: Timeout occurred
2024-10-25T16:38:44.787876Z	error	klog	error creating error stream for port 20001 -> 20001: Timeout occurred
2024-10-25T16:38:44.811687Z	error	klog	error creating error stream for port 20001 -> 20001: Timeout occurred
2024-10-25T16:38:44.813300Z	error	klog	error creating error stream for port 20001 -> 20001: Timeout occurred
2024-10-25T16:38:44.813383Z	error	klog	error creating error stream for port 20001 -> 20001: Timeout occurred
2024-10-25T16:45:30.046494Z	error	port forward failed: lost connection to pod
2024-10-25T17:15:46.304899Z	error	klog	error creating error stream for port 20001 -> 20001: Timeout occurred
2024-10-25T17:15:46.306536Z	error	klog	error creating error stream for port 20001 -> 20001: Timeout occurred
2024-10-25T17:15:50.249875Z	error	klog	error creating error stream for port 20001 -> 20001: Timeout occurred
2024-10-25T17:15:50.250919Z	error	klog	error creating error stream for port 20001 -> 20001: Timeout occurred
2024-10-25T17:15:50.251370Z	error	klog	error creating error stream for port 20001 -> 20001: Timeout occurred
Handling connection for 8443
Handling connection for 8443
Handling connection for 8443
Handling connection for 8443
Handling connection for 8443
Handling connection for 8443
Handling connection for 8443
E1027 01:33:54.127095   96875 portforward.go:351] error creating error stream for port 8443 -> 8443: Timeout occurred
E1027 01:33:54.203078   96875 portforward.go:351] error creating error stream for port 8443 -> 8443: Timeout occurred
E1027 01:33:56.048833   96875 portforward.go:351] error creating error stream for port 8443 -> 8443: Timeout occurred
E1027 01:33:56.048893   96875 portforward.go:351] error creating error stream for port 8443 -> 8443: Timeout occurred
E1027 01:34:14.016927   96875 portforward.go:351] error creating error stream for port 8443 -> 8443: Timeout occurred
E1027 01:34:14.030687   96875 portforward.go:351] error creating error stream for port 8443 -> 8443: Timeout occurred
E1027 01:34:17.017919   96875 portforward.go:351] error creating error stream for port 8443 -> 8443: Timeout occurred
error: unable to forward port because pod is not running. Current status=Pending
